#
# A fatal error has been detected by the Java Runtime Environment:
#
#  EXCEPTION_ACCESS_VIOLATION (0xc0000005) at pc=0x00000139a3fd3424, pid=18212, tid=22636
#
# JRE version: OpenJDK Runtime Environment (20.0.1+9) (build 20.0.1+9-29)
# Java VM: OpenJDK 64-Bit Server VM (20.0.1+9-29, mixed mode, sharing, tiered, compressed oops, compressed class ptrs, g1 gc, windows-amd64)
# Problematic frame:
# v  ~BufferBlob::MethodHandles adapters 0x00000139a3fd3424
#
# No core dump will be written. Minidumps are not enabled by default on client versions of Windows
#
# If you would like to submit a bug report, please visit:
#   https://bugreport.java.com/bugreport/crash.jsp
#

---------------  S U M M A R Y ------------

Command Line: -XX:+ShowCodeDetailsInExceptionMessages -agentlib:jdwp=transport=dt_socket,suspend=y,address=localhost:49184 -javaagent:C:\Users\alan.costa\eclipse\java-2023-03\eclipse\configuration\org.eclipse.osgi\756\0\.cp\lib\javaagent-shaded.jar -Dfile.encoding=UTF-8 com.br.Ad.Ad.AdApplication

Host: Intel(R) Core(TM) i5-6200U CPU @ 2.30GHz, 4 cores, 15G,  Windows 11 , 64 bit Build 22621 (10.0.22621.1928)
Time: Tue Jul 18 17:53:08 2023 Hora oficial do Brasil elapsed time: 1073.761717 seconds (0d 0h 17m 53s)

---------------  T H R E A D  ---------------

Current thread (0x00000139be731470):  JavaThread "http-nio-8080-exec-7" daemon [_thread_in_Java, id=22636, stack(0x0000002f3ac00000,0x0000002f3ad00000)]

Stack: [0x0000002f3ac00000,0x0000002f3ad00000],  sp=0x0000002f3acfb658,  free space=1005k
Native frames: (J=compiled Java code, j=interpreted, Vv=VM code, C=native code)
C  0x00000139a3fd3424


siginfo: EXCEPTION_ACCESS_VIOLATION (0xc0000005), reading address 0xffffffffffffffff


Registers:
RAX=0x00000139a3f9ecca, RBX=0x0000000702da1048, RCX=0x0000002f3acfb660, RDX=0x0000000000000002
RSP=0x0000002f3acfb658, RBP=0x0000002f3acfb6a8, RSI=0x00000139bed0d818, RDI=0x00000139b92b54b0
R8 =0x0000000000000004, R9 =0x0000000000000004, R10=0x000000080071f45a, R11=0xe0752f80e074826a
R12=0x0000000000000000, R13=0x0000002f3acfb658, R14=0x0000002f3acfb6c8, R15=0x00000139be731470
RIP=0x00000139a3fd3424, EFLAGS=0x0000000000010206


Register to memory mapping:

RIP=0x00000139a3fd3424 is at begin+65 in a stub
MethodHandle::interpreter_entry::_linkToVirtual [0x00000139a3fd33e3, 0x00000139a3fd344a] (103 bytes)
RAX=0x00000139a3f9ecca is at code_begin+4554 in an Interpreter codelet
return entry points  [0x00000139a3f9db00, 0x00000139a3f9fb38]  8248 bytes
RBX=0x0000000702da1048 is an oop: com.br.Ad.Ad.controller.ClienteController 
{0x0000000702da1048} - klass: 'com/br/Ad/Ad/controller/ClienteController'
 - ---- fields (total size 4 words):
 - final 'clienteService' 'Lcom/br/Ad/Ad/services/ClienteService;' @12  a 'com/br/Ad/Ad/services/ClienteService$$SpringCGLIB$$0'{0x0000000703a40a78} (0xe074814f)
 - final 'enderecoService' 'Lcom/br/Ad/Ad/services/EnderecoService;' @16  a 'com/br/Ad/Ad/services/EnderecoService$$SpringCGLIB$$0'{0x0000000703a41350} (0xe074826a)
 - final 'contatoService' 'Lcom/br/Ad/Ad/services/ContatoService;' @20  a 'com/br/Ad/Ad/services/ContatoService$$SpringCGLIB$$0'{0x0000000703a97c00} (0xe0752f80)
 - final 'viacepService' 'Lcom/br/Ad/Ad/configs/ViacepService;' @24  a 'com/br/Ad/Ad/configs/ViacepService'{0x0000000702aa5a40} (0xe0554b48)
RCX=0x0000002f3acfb660 is pointing into the stack for thread: 0x00000139be731470
RDX=0x0000000000000002 is an unknown value
RSP=0x0000002f3acfb658 is pointing into the stack for thread: 0x00000139be731470
RBP=0x0000002f3acfb6a8 is pointing into the stack for thread: 0x00000139be731470
RSI=0x00000139bed0d818 points into unknown readable memory: 0x88001f0034df6890 | 90 68 df 34 00 1f 00 88
RDI=0x00000139b92b54b0 points into unknown readable memory: 0x0000001800000060 | 60 00 00 00 18 00 00 00
R8 =0x0000000000000004 is an unknown value
R9 =0x0000000000000004 is an unknown value
R10=0x000000080071f45a is pointing into metadata
R11=0xe0752f80e074826a is an unknown value
R12=0x0 is NULL
R13=0x0000002f3acfb658 is pointing into the stack for thread: 0x00000139be731470
R14=0x0000002f3acfb6c8 is pointing into the stack for thread: 0x00000139be731470
R15=0x00000139be731470 is a thread


Top of Stack: (sp=0x0000002f3acfb658)
0x0000002f3acfb658:   00000139a3f9ecca 0000002f3acfb660
0x0000002f3acfb668:   000000080071f45a 0000002f3acfb6c8
0x0000002f3acfb678:   00000008000b3b10 00000139b63c4878
0x0000002f3acfb688:   0000000701f086e8 00000008000b6658
0x0000002f3acfb698:   0000002f3acfb658 0000002f3acfb6d0
0x0000002f3acfb6a8:   0000002f3acfba08 000001399ceebe79
0x0000002f3acfb6b8:   00000007050fc570 0000000702da1048
0x0000002f3acfb6c8:   00000007050fc548 0000000704e75548
0x0000002f3acfb6d8:   00000139b4b93e28 0000000702e45a28
0x0000002f3acfb6e8:   0000000702e45a28 00000007050fc5a0
0x0000002f3acfb6f8:   0000000702da1048 00000007050fc5c8
0x0000002f3acfb708:   00000007050fc548 0000000702da1048
0x0000002f3acfb718:   000001399ceebd44 0000002f3acfba08
0x0000002f3acfb728:   000001399d524785 0000000800468750
0x0000002f3acfb738:   00007ff800bd0be1 0000000000000020
0x0000002f3acfb748:   00000139a453eb1e 0000000000000000
0x0000002f3acfb758:   00000007056af138 00000007056ae280
0x0000002f3acfb768:   00000139a453eb1e 00000007056af468
0x0000002f3acfb778:   0000000000000000 0000000702b60220
0x0000002f3acfb788:   0000000000000008 00000007056af138
0x0000002f3acfb798:   00000007056ab398 00000007056af008
0x0000002f3acfb7a8:   0000000702b60220 0000002f3acfbab8
0x0000002f3acfb7b8:   000001399cd5661c 0000002f3acfb9b8
0x0000002f3acfb7c8:   000001399d480074 0000002f52ab64c4
0x0000002f3acfb7d8:   0000000703719b38 0000002f3acfb960
0x0000002f3acfb7e8:   000001399cc95764 0000000000000000
0x0000002f3acfb7f8:   0000002f3acfb830 00000007056ae730
0x0000002f3acfb808:   0000000100000000 0000000702da1068
0x0000002f3acfb818:   0000000702da1048 00000007050fc5f0
0x0000002f3acfb828:   0000000700000000 0000000702692a70
0x0000002f3acfb838:   0000000052ab64c4 00000007050fc600
0x0000002f3acfb848:   000001399d480644 0000000702b60220 

Instructions: (pc=0x00000139a3fd3424)
0x00000139a3fd3324:   39 01 00 00 80 33 fd a3 39 01 00 00 00 44 fd a3
0x00000139a3fd3334:   39 01 00 00 70 33 fd a3 39 01 00 00 70 33 fd a3
0x00000139a3fd3344:   39 01 00 00 00 00 00 00 00 00 00 00 18 26 0b 01
0x00000139a3fd3354:   f8 7f 00 00 f0 10 00 00 60 00 00 00 ff ff ff ff
0x00000139a3fd3364:   f0 10 00 00 00 00 00 00 00 00 00 00 00 00 00 00
0x00000139a3fd3374:   00 00 00 00 00 00 00 00 00 00 00 00 f4 66 66 66
0x00000139a3fd3384:   0f 1f 84 00 00 00 00 00 66 66 66 90 66 66 66 0f
0x00000139a3fd3394:   1f 84 00 00 00 00 00 66 66 66 90 90 48 8b 53 08
0x00000139a3fd33a4:   0f b7 52 2c 48 8b 0c d4 8b 59 14 48 c1 e3 03 8b
0x00000139a3fd33b4:   5b 28 48 c1 e3 03 8b 5b 24 48 c1 e3 03 48 8b 5b
0x00000139a3fd33c4:   10 48 85 db 0f 84 10 00 00 00 41 80 bf 08 05 00
0x00000139a3fd33d4:   00 00 74 03 ff 63 38 ff 63 50 e9 9d 16 00 00 66
0x00000139a3fd33e4:   66 66 0f 1f 84 00 00 00 00 00 66 66 66 90 66 66
0x00000139a3fd33f4:   0f 1f 84 00 00 00 00 00 66 66 66 90 48 8b 53 08
0x00000139a3fd3404:   0f b7 52 2c 48 8b 0c d4 58 5b 50 44 8b 51 08 49
0x00000139a3fd3414:   bb 00 00 00 00 08 00 00 00 4d 03 d3 4c 8b 5b 10
0x00000139a3fd3424:   4b 8b 9c da c0 01 00 00 48 85 db 0f 84 10 00 00
0x00000139a3fd3434:   00 41 80 bf 08 05 00 00 00 74 03 ff 63 38 ff 63
0x00000139a3fd3444:   50 e9 36 16 00 00 66 66 66 0f 1f 84 00 00 00 00
0x00000139a3fd3454:   00 66 66 66 90 0f 1f 80 00 00 00 00 58 5b 50 8b
0x00000139a3fd3464:   5b 24 48 c1 e3 03 48 8b 5b 10 48 85 db 0f 84 10
0x00000139a3fd3474:   00 00 00 41 80 bf 08 05 00 00 00 74 03 ff 63 38
0x00000139a3fd3484:   ff 63 50 e9 f4 15 00 00 66 66 66 0f 1f 84 00 00
0x00000139a3fd3494:   00 00 00 66 66 66 90 0f 1f 44 00 00 48 8b 53 08
0x00000139a3fd34a4:   0f b7 52 2c 48 8b 0c d4 58 5b 50 48 3b 01 8b 5b
0x00000139a3fd34b4:   24 48 c1 e3 03 48 8b 5b 10 48 85 db 0f 84 10 00
0x00000139a3fd34c4:   00 00 41 80 bf 08 05 00 00 00 74 03 ff 63 38 ff
0x00000139a3fd34d4:   63 50 e9 a5 15 00 00 0f 1f 44 00 00 48 8b 53 08
0x00000139a3fd34e4:   0f b7 52 2c 48 8b 0c d4 58 5b 50 44 8b 51 08 49
0x00000139a3fd34f4:   bb 00 00 00 00 08 00 00 00 4d 03 d3 8b 43 18 48
0x00000139a3fd3504:   c1 e0 03 48 8b 40 10 48 8b 5b 10 45 8b 9a a0 00
0x00000139a3fd3514:   00 00 4f 8d 9c da c0 01 00 00 4d 8d 14 da 49 8b 


Stack slot to memory mapping:
stack at sp + 0 slots: 0x00000139a3f9ecca is at code_begin+4554 in an Interpreter codelet
return entry points  [0x00000139a3f9db00, 0x00000139a3f9fb38]  8248 bytes
stack at sp + 1 slots: 0x0000002f3acfb660 is pointing into the stack for thread: 0x00000139be731470
stack at sp + 2 slots: 0x000000080071f45a is pointing into metadata
stack at sp + 3 slots: 0x0000002f3acfb6c8 is pointing into the stack for thread: 0x00000139be731470
stack at sp + 4 slots: 0x00000008000b3b10 is pointing into metadata
stack at sp + 5 slots: 0x00000139b63c4878 is pointing into metadata
stack at sp + 6 slots: 0x0000000701f086e8 is an oop: java.lang.Class 
{0x0000000701f086e8} - klass: 'java/lang/Class'
 - ---- fields (total size 14 words):
 - private volatile transient 'classRedefinedCount' 'I' @12  0 (0x00000000)
 - abstract internal 'klass' 'J' @16  34360473320 (0x00000008000b36e8)
 - abstract internal 'array_klass' 'J' @24  0 (0x0000000000000000)
 - abstract internal 'oop_size' 'I' @32  14 (0x0000000e)
 - abstract internal 'static_oop_field_count' 'I' @36  0 (0x00000000)
 - private volatile transient 'cachedConstructor' 'Ljava/lang/reflect/Constructor;' @40  NULL (0x00000000)
 - private transient 'name' 'Ljava/lang/String;' @44  NULL (0x00000000)
 - private transient 'module' 'Ljava/lang/Module;' @48  a 'java/lang/Module'{0x0000000701eb3138} (0xe03d6627)
 - private final 'classLoader' 'Ljava/lang/ClassLoader;' @52  NULL (0x00000000)
 - private transient 'classData' 'Ljava/lang/Object;' @56  NULL (0x00000000)
 - private transient 'packageName' 'Ljava/lang/String;' @60  NULL (0x00000000)
 - private final 'componentType' 'Ljava/lang/Class;' @64  NULL (0x00000000)
 - private volatile transient 'reflectionData' 'Ljava/lang/ref/SoftReference;' @68  NULL (0x00000000)
 - private volatile transient 'genericInfo' 'Lsun/reflect/generics/repository/ClassRepository;' @72  NULL (0x00000000)
 - private volatile transient 'enumConstants' '[Ljava/lang/Object;' @76  NULL (0x00000000)
 - private volatile transient 'enumConstantDirectory' 'Ljava/util/Map;' @80  NULL (0x00000000)
 - private volatile transient 'annotationData' 'Ljava/lang/Class$AnnotationData;' @84  NULL (0x00000000)
 - private volatile transient 'annotationType' 'Lsun/reflect/annotation/AnnotationType;' @88  NULL (0x00000000)
 - transient 'classValueMap' 'Ljava/lang/ClassValue$ClassValueMap;' @92  NULL (0x00000000)
 - abstract internal 'protection_domain' 'Ljava/lang/Object;' @96  NULL (0x00000000)
 - abstract internal 'signers_name' 'Ljava/lang/Object;' @100  NULL (0x00000000)
 - abstract internal 'source_file' 'Ljava/lang/Object;' @104  NULL (0x00000000)
 - signature: Ljava/lang/invoke/DirectMethodHandle$Holder;
 - ---- static fields (0):
stack at sp + 7 slots: {method} {0x00000008000b6660} 'invokeVirtual' '(Ljava/lang/Object;Ljava/lang/Object;)Ljava/lang/Object;' in 'java/lang/invoke/DirectMethodHandle$Holder'

MethodHandle::interpreter_entry::_linkToVirtual [0x00000139a3fd33e3, 0x00000139a3fd344a] (103 bytes)
[MachCode]
  0x00000139a3fd33e3: 6666 660f | 1f84 0000 | 0000 0066 | 6666 9066 | 660f 1f84 | 0000 0000 | 0066 6666 | 9048 8b53 
  0x00000139a3fd3403: 080f b752 | 2c48 8b0c | d458 5b50 | 448b 5108 | 49bb 0000 | 0000 0800 | 0000 4d03 | d34c 8b5b 
  0x00000139a3fd3423: 104b 8b9c | dac0 0100 | 0048 85db | 0f84 1000 | 0000 4180 | bf08 0500 | 0000 7403 | ff63 38ff 
  0x00000139a3fd3443: 6350 e936 | 
[/MachCode]

---------------  P R O C E S S  ---------------

Threads class SMR info:
_java_thread_list=0x00000139be9fab00, length=33, elements={
0x00000139b3c4ab50, 0x00000139b3c4d2b0, 0x00000139b3c4fde0, 0x00000139b3c50530,
0x00000139b3c52a90, 0x00000139b3c53ff0, 0x00000139b3c58880, 0x00000139b3c7e2c0,
0x00000139b80f0f30, 0x00000139b81c5710, 0x00000139b81c84c0, 0x00000139b81c9850,
0x00000139b8a3cc40, 0x00000139bcdffa10, 0x00000139bbe2e720, 0x00000139bcdfa300,
0x00000139ba2c5df0, 0x00000139be72aa30, 0x00000139be72e9f0, 0x00000139be7309d0,
0x00000139be72df50, 0x00000139be730f20, 0x00000139be72ff30, 0x00000139be72af80,
0x00000139be72ca10, 0x00000139be72b4d0, 0x00000139be731470, 0x00000139be72cf60,
0x00000139be72ba20, 0x00000139be72f490, 0x00000139be72f9e0, 0x00000139be72c4c0,
0x00000139be7319c0
}

Java Threads: ( => current thread )
  0x00000139b3c4ab50 JavaThread "Reference Handler" daemon [_thread_blocked, id=24392, stack(0x0000002f38800000,0x0000002f38900000)]
  0x00000139b3c4d2b0 JavaThread "Finalizer" daemon [_thread_blocked, id=12348, stack(0x0000002f38900000,0x0000002f38a00000)]
  0x00000139b3c4fde0 JavaThread "Signal Dispatcher" daemon [_thread_blocked, id=13236, stack(0x0000002f38a00000,0x0000002f38b00000)]
  0x00000139b3c50530 JavaThread "Attach Listener" daemon [_thread_blocked, id=21920, stack(0x0000002f38b00000,0x0000002f38c00000)]
  0x00000139b3c52a90 JavaThread "Service Thread" daemon [_thread_blocked, id=21220, stack(0x0000002f38c00000,0x0000002f38d00000)]
  0x00000139b3c53ff0 JavaThread "Monitor Deflation Thread" daemon [_thread_blocked, id=10732, stack(0x0000002f38d00000,0x0000002f38e00000)]
  0x00000139b3c58880 JavaThread "C2 CompilerThread0" daemon [_thread_blocked, id=13768, stack(0x0000002f38e00000,0x0000002f38f00000)]
  0x00000139b3c7e2c0 JavaThread "C1 CompilerThread0" daemon [_thread_blocked, id=12992, stack(0x0000002f38f00000,0x0000002f39000000)]
  0x00000139b80f0f30 JavaThread "Common-Cleaner" daemon [_thread_blocked, id=23580, stack(0x0000002f39000000,0x0000002f39100000)]
  0x00000139b81c5710 JavaThread "JDWP Transport Listener: dt_socket" daemon [_thread_blocked, id=5056, stack(0x0000002f39100000,0x0000002f39200000)]
  0x00000139b81c84c0 JavaThread "JDWP Event Helper Thread" daemon [_thread_blocked, id=10932, stack(0x0000002f39200000,0x0000002f39300000)]
  0x00000139b81c9850 JavaThread "JDWP Command Reader" daemon [_thread_in_native, id=13284, stack(0x0000002f39300000,0x0000002f39400000)]
  0x00000139b8a3cc40 JavaThread "Notification Thread" daemon [_thread_blocked, id=18220, stack(0x0000002f39400000,0x0000002f39500000)]
  0x00000139bcdffa10 JavaThread "Catalina-utility-1" [_thread_blocked, id=14308, stack(0x0000002f39c00000,0x0000002f39d00000)]
  0x00000139bbe2e720 JavaThread "Catalina-utility-2" [_thread_blocked, id=3340, stack(0x0000002f39d00000,0x0000002f39e00000)]
  0x00000139bcdfa300 JavaThread "container-0" [_thread_blocked, id=19620, stack(0x0000002f39e00000,0x0000002f39f00000)]
  0x00000139ba2c5df0 JavaThread "PostgreSQL-JDBC-Cleaner" daemon [_thread_blocked, id=14496, stack(0x0000002f3a000000,0x0000002f3a100000)]
  0x00000139be72aa30 JavaThread "HikariPool-1 housekeeper" daemon [_thread_blocked, id=16900, stack(0x0000002f3a100000,0x0000002f3a200000)]
  0x00000139be72e9f0 JavaThread "File Watcher" daemon [_thread_blocked, id=25596, stack(0x0000002f3a200000,0x0000002f3a300000)]
  0x00000139be7309d0 JavaThread "Live Reload Server" daemon [_thread_in_native, id=23136, stack(0x0000002f3a600000,0x0000002f3a700000)]
  0x00000139be72df50 JavaThread "http-nio-8080-exec-1" daemon [_thread_blocked, id=23388, stack(0x0000002f3a500000,0x0000002f3a600000)]
  0x00000139be730f20 JavaThread "http-nio-8080-exec-2" daemon [_thread_blocked, id=21852, stack(0x0000002f3a700000,0x0000002f3a800000)]
  0x00000139be72ff30 JavaThread "http-nio-8080-exec-3" daemon [_thread_blocked, id=19604, stack(0x0000002f3a800000,0x0000002f3a900000)]
  0x00000139be72af80 JavaThread "http-nio-8080-exec-4" daemon [_thread_blocked, id=22504, stack(0x0000002f3a900000,0x0000002f3aa00000)]
  0x00000139be72ca10 JavaThread "http-nio-8080-exec-5" daemon [_thread_blocked, id=19616, stack(0x0000002f3aa00000,0x0000002f3ab00000)]
  0x00000139be72b4d0 JavaThread "http-nio-8080-exec-6" daemon [_thread_blocked, id=22716, stack(0x0000002f3ab00000,0x0000002f3ac00000)]
=>0x00000139be731470 JavaThread "http-nio-8080-exec-7" daemon [_thread_in_Java, id=22636, stack(0x0000002f3ac00000,0x0000002f3ad00000)]
  0x00000139be72cf60 JavaThread "http-nio-8080-exec-8" daemon [_thread_blocked, id=25124, stack(0x0000002f3ad00000,0x0000002f3ae00000)]
  0x00000139be72ba20 JavaThread "http-nio-8080-exec-9" daemon [_thread_blocked, id=12380, stack(0x0000002f3ae00000,0x0000002f3af00000)]
  0x00000139be72f490 JavaThread "http-nio-8080-exec-10" daemon [_thread_blocked, id=4488, stack(0x0000002f3af00000,0x0000002f3b000000)]
  0x00000139be72f9e0 JavaThread "http-nio-8080-Poller" daemon [_thread_blocked, id=4336, stack(0x0000002f3b000000,0x0000002f3b100000)]
  0x00000139be72c4c0 JavaThread "http-nio-8080-Acceptor" daemon [_thread_in_native, id=23064, stack(0x0000002f3b100000,0x0000002f3b200000)]
  0x00000139be7319c0 JavaThread "DestroyJavaVM" [_thread_blocked, id=10208, stack(0x0000002f38100000,0x0000002f38200000)]

Other Threads:
  0x00000139b3c2ba20 VMThread "VM Thread" [stack: 0x0000002f38700000,0x0000002f38800000] [id=12748] _threads_hazard_ptr=0x00000139be9fab00
  0x00000139b8a00480 WatcherThread "VM Periodic Task Thread" [stack: 0x0000002f39500000,0x0000002f39600000] [id=9932]
  0x00000139926d6300 WorkerThread "GC Thread#0" [stack: 0x0000002f38200000,0x0000002f38300000] [id=11308]
  0x00000139b8a474a0 WorkerThread "GC Thread#1" [stack: 0x0000002f39700000,0x0000002f39800000] [id=19632]
  0x00000139b8b52270 WorkerThread "GC Thread#2" [stack: 0x0000002f39800000,0x0000002f39900000] [id=6728]
  0x00000139b8b52540 WorkerThread "GC Thread#3" [stack: 0x0000002f39900000,0x0000002f39a00000] [id=20472]
  0x00000139926e7b00 ConcurrentGCThread "G1 Main Marker" [stack: 0x0000002f38300000,0x0000002f38400000] [id=13960]
  0x00000139926e93e0 WorkerThread "G1 Conc#0" [stack: 0x0000002f38400000,0x0000002f38500000] [id=25016]
  0x00000139b3ada170 ConcurrentGCThread "G1 Refine#0" [stack: 0x0000002f38500000,0x0000002f38600000] [id=3484]
  0x00000139b3add5f0 ConcurrentGCThread "G1 Service" [stack: 0x0000002f38600000,0x0000002f38700000] [id=14288]

Threads with active compile tasks:

VM state: synchronizing (normal execution)

VM Mutex/Monitor currently owned by a thread:  ([mutex/lock_event])
[0x0000013992662370] Threads_lock - owner thread: 0x00000139b3c2ba20

Heap address: 0x0000000701a00000, size: 4070 MB, Compressed Oops mode: Zero based, Oop shift amount: 3

CDS archive(s) mapped at: [0x0000000800000000-0x0000000800c60000-0x0000000800c60000), size 12976128, SharedBaseAddress: 0x0000000800000000, ArchiveRelocationMode: 0.
Compressed class space mapped at: 0x0000000801000000-0x0000000841000000, reserved size: 1073741824
Narrow klass base: 0x0000000800000000, Narrow klass shift: 0, Narrow klass range: 0x100000000

GC Precious Log:
 CardTable entry size: 512
 Card Set container configuration: InlinePtr #cards 4 size 8 Array Of Cards #cards 16 size 48 Howl #buckets 8 coarsen threshold 3686 Howl Bitmap #cards 512 size 80 coarsen threshold 460 Card regions per heap region 1 cards per card region 4096
 CPUs: 4 total, 4 available
 Memory: 16275M
 Large Page Support: Disabled
 NUMA Support: Disabled
 Compressed Oops: Enabled (Zero based)
 Heap Region Size: 2M
 Heap Min Capacity: 8M
 Heap Initial Capacity: 256M
 Heap Max Capacity: 4070M
 Pre-touch: Disabled
 Parallel Workers: 4
 Concurrent Workers: 1
 Concurrent Refinement Workers: 4
 Periodic GC: Disabled

Heap:
 garbage-first heap   total 122880K, used 51276K [0x0000000701a00000, 0x0000000800000000)
  region size 2048K, 9 young (18432K), 2 survivors (4096K)
 Metaspace       used 78993K, committed 79744K, reserved 1179648K
  class space    used 10601K, committed 10944K, reserved 1048576K

Heap Regions: E=young(eden), S=young(survivor), O=old, HS=humongous(starts), HC=humongous(continues), CS=collection set, F=free, OA=open archive, CA=closed archive, TAMS=top-at-mark-start, PB=parsable bottom
|   0|0x0000000701a00000, 0x0000000701c00000, 0x0000000701c00000|100%| O|  |TAMS 0x0000000701a00000| PB 0x0000000701a00000| Untracked 
|   1|0x0000000701c00000, 0x0000000701e00000, 0x0000000701e00000|100%| O|  |TAMS 0x0000000701c00000| PB 0x0000000701c00000| Untracked 
|   2|0x0000000701e00000, 0x0000000702000000, 0x0000000702000000|100%| O|  |TAMS 0x0000000701e00000| PB 0x0000000701e00000| Untracked 
|   3|0x0000000702000000, 0x0000000702200000, 0x0000000702200000|100%| O|  |TAMS 0x0000000702000000| PB 0x0000000702000000| Untracked 
|   4|0x0000000702200000, 0x0000000702400000, 0x0000000702400000|100%| O|  |TAMS 0x0000000702200000| PB 0x0000000702200000| Untracked 
|   5|0x0000000702400000, 0x0000000702600000, 0x0000000702600000|100%| O|  |TAMS 0x0000000702400000| PB 0x0000000702400000| Untracked 
|   6|0x0000000702600000, 0x0000000702800000, 0x0000000702800000|100%| O|  |TAMS 0x0000000702600000| PB 0x0000000702600000| Untracked 
|   7|0x0000000702800000, 0x0000000702a00000, 0x0000000702a00000|100%| O|  |TAMS 0x0000000702800000| PB 0x0000000702800000| Untracked 
|   8|0x0000000702a00000, 0x0000000702c00000, 0x0000000702c00000|100%| O|  |TAMS 0x0000000702a00000| PB 0x0000000702a00000| Untracked 
|   9|0x0000000702c00000, 0x0000000702e00000, 0x0000000702e00000|100%| O|  |TAMS 0x0000000702c00000| PB 0x0000000702c00000| Untracked 
|  10|0x0000000702e00000, 0x0000000703000000, 0x0000000703000000|100%| O|  |TAMS 0x0000000702e00000| PB 0x0000000702e00000| Untracked 
|  11|0x0000000703000000, 0x0000000703200000, 0x0000000703200000|100%| O|  |TAMS 0x0000000703000000| PB 0x0000000703000000| Untracked 
|  12|0x0000000703200000, 0x0000000703400000, 0x0000000703400000|100%| O|  |TAMS 0x0000000703200000| PB 0x0000000703200000| Untracked 
|  13|0x0000000703400000, 0x0000000703600000, 0x0000000703600000|100%| O|  |TAMS 0x0000000703400000| PB 0x0000000703400000| Untracked 
|  14|0x0000000703600000, 0x0000000703800000, 0x0000000703800000|100%| O|  |TAMS 0x0000000703600000| PB 0x0000000703600000| Untracked 
|  15|0x0000000703800000, 0x0000000703a00000, 0x0000000703a00000|100%| O|  |TAMS 0x0000000703800000| PB 0x0000000703800000| Untracked 
|  16|0x0000000703a00000, 0x0000000703c00000, 0x0000000703c00000|100%| O|  |TAMS 0x0000000703a00000| PB 0x0000000703a00000| Untracked 
|  17|0x0000000703c00000, 0x0000000703c6ec00, 0x0000000703e00000| 21%| O|  |TAMS 0x0000000703c00000| PB 0x0000000703c00000| Untracked 
|  18|0x0000000703e00000, 0x0000000703e00000, 0x0000000704000000|  0%| F|  |TAMS 0x0000000703e00000| PB 0x0000000703e00000| Untracked 
|  19|0x0000000704000000, 0x0000000704000000, 0x0000000704200000|  0%| F|  |TAMS 0x0000000704000000| PB 0x0000000704000000| Untracked 
|  20|0x0000000704200000, 0x0000000704200000, 0x0000000704400000|  0%| F|  |TAMS 0x0000000704200000| PB 0x0000000704200000| Untracked 
|  21|0x0000000704400000, 0x0000000704400000, 0x0000000704600000|  0%| F|  |TAMS 0x0000000704400000| PB 0x0000000704400000| Untracked 
|  22|0x0000000704600000, 0x0000000704600000, 0x0000000704800000|  0%| F|  |TAMS 0x0000000704600000| PB 0x0000000704600000| Untracked 
|  23|0x0000000704800000, 0x0000000704800000, 0x0000000704a00000|  0%| F|  |TAMS 0x0000000704800000| PB 0x0000000704800000| Untracked 
|  24|0x0000000704a00000, 0x0000000704a00000, 0x0000000704c00000|  0%| F|  |TAMS 0x0000000704a00000| PB 0x0000000704a00000| Untracked 
|  25|0x0000000704c00000, 0x0000000704da47a8, 0x0000000704e00000| 82%| S|CS|TAMS 0x0000000704c00000| PB 0x0000000704c00000| Complete 
|  26|0x0000000704e00000, 0x0000000704e00000, 0x0000000705000000|  0%| F|  |TAMS 0x0000000704e00000| PB 0x0000000704e00000| Untracked 
|  27|0x0000000705000000, 0x0000000705200000, 0x0000000705200000|100%| S|CS|TAMS 0x0000000705000000| PB 0x0000000705000000| Complete 
|  28|0x0000000705200000, 0x0000000705200000, 0x0000000705400000|  0%| F|  |TAMS 0x0000000705200000| PB 0x0000000705200000| Untracked 
|  29|0x0000000705400000, 0x0000000705400000, 0x0000000705600000|  0%| F|  |TAMS 0x0000000705400000| PB 0x0000000705400000| Untracked 
|  30|0x0000000705600000, 0x0000000705600000, 0x0000000705800000|  0%| F|  |TAMS 0x0000000705600000| PB 0x0000000705600000| Untracked 
|  31|0x0000000705800000, 0x0000000705800000, 0x0000000705a00000|  0%| F|  |TAMS 0x0000000705800000| PB 0x0000000705800000| Untracked 
|  32|0x0000000705a00000, 0x0000000705a00000, 0x0000000705c00000|  0%| F|  |TAMS 0x0000000705a00000| PB 0x0000000705a00000| Untracked 
|  33|0x0000000705c00000, 0x0000000705c00000, 0x0000000705e00000|  0%| F|  |TAMS 0x0000000705c00000| PB 0x0000000705c00000| Untracked 
|  34|0x0000000705e00000, 0x0000000705e00000, 0x0000000706000000|  0%| F|  |TAMS 0x0000000705e00000| PB 0x0000000705e00000| Untracked 
|  35|0x0000000706000000, 0x0000000706000000, 0x0000000706200000|  0%| F|  |TAMS 0x0000000706000000| PB 0x0000000706000000| Untracked 
|  36|0x0000000706200000, 0x0000000706200000, 0x0000000706400000|  0%| F|  |TAMS 0x0000000706200000| PB 0x0000000706200000| Untracked 
|  37|0x0000000706400000, 0x0000000706400000, 0x0000000706600000|  0%| F|  |TAMS 0x0000000706400000| PB 0x0000000706400000| Untracked 
|  38|0x0000000706600000, 0x0000000706600000, 0x0000000706800000|  0%| F|  |TAMS 0x0000000706600000| PB 0x0000000706600000| Untracked 
|  39|0x0000000706800000, 0x0000000706800000, 0x0000000706a00000|  0%| F|  |TAMS 0x0000000706800000| PB 0x0000000706800000| Untracked 
|  40|0x0000000706a00000, 0x0000000706a00000, 0x0000000706c00000|  0%| F|  |TAMS 0x0000000706a00000| PB 0x0000000706a00000| Untracked 
|  41|0x0000000706c00000, 0x0000000706c00000, 0x0000000706e00000|  0%| F|  |TAMS 0x0000000706c00000| PB 0x0000000706c00000| Untracked 
|  42|0x0000000706e00000, 0x0000000706e00000, 0x0000000707000000|  0%| F|  |TAMS 0x0000000706e00000| PB 0x0000000706e00000| Untracked 
|  43|0x0000000707000000, 0x0000000707000000, 0x0000000707200000|  0%| F|  |TAMS 0x0000000707000000| PB 0x0000000707000000| Untracked 
|  44|0x0000000707200000, 0x0000000707200000, 0x0000000707400000|  0%| F|  |TAMS 0x0000000707200000| PB 0x0000000707200000| Untracked 
|  45|0x0000000707400000, 0x0000000707400000, 0x0000000707600000|  0%| F|  |TAMS 0x0000000707400000| PB 0x0000000707400000| Untracked 
|  46|0x0000000707600000, 0x0000000707600000, 0x0000000707800000|  0%| F|  |TAMS 0x0000000707600000| PB 0x0000000707600000| Untracked 
|  47|0x0000000707800000, 0x0000000707800000, 0x0000000707a00000|  0%| F|  |TAMS 0x0000000707800000| PB 0x0000000707800000| Untracked 
|  48|0x0000000707a00000, 0x0000000707a00000, 0x0000000707c00000|  0%| F|  |TAMS 0x0000000707a00000| PB 0x0000000707a00000| Untracked 
|  49|0x0000000707c00000, 0x0000000707c00000, 0x0000000707e00000|  0%| F|  |TAMS 0x0000000707c00000| PB 0x0000000707c00000| Untracked 
|  50|0x0000000707e00000, 0x0000000707e00000, 0x0000000708000000|  0%| F|  |TAMS 0x0000000707e00000| PB 0x0000000707e00000| Untracked 
|  51|0x0000000708000000, 0x0000000708000000, 0x0000000708200000|  0%| F|  |TAMS 0x0000000708000000| PB 0x0000000708000000| Untracked 
|  52|0x0000000708200000, 0x0000000708200000, 0x0000000708400000|  0%| F|  |TAMS 0x0000000708200000| PB 0x0000000708200000| Untracked 
|  53|0x0000000708400000, 0x00000007085eb170, 0x0000000708600000| 95%| E|  |TAMS 0x0000000708400000| PB 0x0000000708400000| Complete 
|  54|0x0000000708600000, 0x0000000708800000, 0x0000000708800000|100%| E|CS|TAMS 0x0000000708600000| PB 0x0000000708600000| Complete 
|  55|0x0000000708800000, 0x0000000708a00000, 0x0000000708a00000|100%| E|CS|TAMS 0x0000000708800000| PB 0x0000000708800000| Complete 
|  56|0x0000000708a00000, 0x0000000708c00000, 0x0000000708c00000|100%| E|CS|TAMS 0x0000000708a00000| PB 0x0000000708a00000| Complete 
|  57|0x0000000708c00000, 0x0000000708e00000, 0x0000000708e00000|100%| E|CS|TAMS 0x0000000708c00000| PB 0x0000000708c00000| Complete 
|  58|0x0000000708e00000, 0x0000000709000000, 0x0000000709000000|100%| E|CS|TAMS 0x0000000708e00000| PB 0x0000000708e00000| Complete 
| 127|0x0000000711800000, 0x0000000711a00000, 0x0000000711a00000|100%| E|CS|TAMS 0x0000000711800000| PB 0x0000000711800000| Complete 

Card table byte_map: [0x00000139ac690000,0x00000139ace90000] _byte_map_base: 0x00000139a8e83000

Marking Bits: (CMBitMap*) 0x00000139926d6930
 Bits: [0x00000139ad690000, 0x00000139b1628000)

Polling page: 0x0000013992710000

Metaspace:

Usage:
  Non-class:     66.79 MB used.
      Class:     10.35 MB used.
       Both:     77.14 MB used.

Virtual space:
  Non-class space:      128.00 MB reserved,      67.19 MB ( 52%) committed,  2 nodes.
      Class space:        1.00 GB reserved,      10.69 MB (  1%) committed,  1 nodes.
             Both:        1.12 GB reserved,      77.88 MB (  7%) committed. 

Chunk freelists:
   Non-Class:  688.00 KB
       Class:  1.20 MB
        Both:  1.88 MB

MaxMetaspaceSize: unlimited
CompressedClassSpaceSize: 1.00 GB
Initial GC threshold: 21.00 MB
Current GC threshold: 112.12 MB
CDS: on
MetaspaceReclaimPolicy: balanced
 - commit_granule_bytes: 65536.
 - commit_granule_words: 8192.
 - virtual_space_node_default_size: 8388608.
 - enlarge_chunks_in_place: 1.
 - new_chunks_are_fully_committed: 0.
 - uncommit_free_chunks: 1.
 - use_allocation_guard: 0.


Internal statistics:

num_allocs_failed_limit: 9.
num_arena_births: 998.
num_arena_deaths: 2.
num_vsnodes_births: 3.
num_vsnodes_deaths: 0.
num_space_committed: 1246.
num_space_uncommitted: 0.
num_chunks_returned_to_freelist: 12.
num_chunks_taken_from_freelist: 3805.
num_chunk_merges: 9.
num_chunk_splits: 2797.
num_chunks_enlarged: 2264.
num_inconsistent_stats: 0.

CodeHeap 'non-profiled nmethods': size=120000Kb used=5558Kb max_used=5558Kb free=114441Kb
 bounds [0x00000139a4520000, 0x00000139a4a90000, 0x00000139aba50000]
CodeHeap 'profiled nmethods': size=120000Kb used=15080Kb max_used=15080Kb free=104919Kb
 bounds [0x000001399ca50000, 0x000001399d910000, 0x00000139a3f80000]
CodeHeap 'non-nmethods': size=5760Kb used=1817Kb max_used=1892Kb free=3942Kb
 bounds [0x00000139a3f80000, 0x00000139a41f0000, 0x00000139a4520000]
 total_blobs=8250 nmethods=7530 adapters=629
 compilation: enabled
              stopped_count=0, restarted_count=0
 full_count=0

Compilation events (20 events):
Event: 830.894 Thread 0x00000139b3c7e2c0 8820   !   3       org.apache.catalina.connector.Request::setAttribute (170 bytes)
Event: 830.895 Thread 0x00000139b3c7e2c0 nmethod 8820 0x000001399d908410 code [0x000001399d908680, 0x000001399d909120]
Event: 830.896 Thread 0x00000139b3c7e2c0 8821       3       org.jboss.logging.Logger::isDebugEnabled (8 bytes)
Event: 830.896 Thread 0x00000139b3c7e2c0 nmethod 8821 0x000001399d909510 code [0x000001399d9096a0, 0x000001399d909808]
Event: 876.319 Thread 0x00000139b3c58880 8822       4       java.util.concurrent.locks.AbstractQueuedSynchronizer$ConditionObject::canReacquire (38 bytes)
Event: 876.322 Thread 0x00000139b3c58880 nmethod 8822 0x00000139a4a8c510 code [0x00000139a4a8c680, 0x00000139a4a8c760]
Event: 976.423 Thread 0x00000139b3c7e2c0 8823       3       org.apache.catalina.mapper.MapperListener::lifecycleEvent (178 bytes)
Event: 976.424 Thread 0x00000139b3c7e2c0 nmethod 8823 0x000001399d909910 code [0x000001399d909c00, 0x000001399d90b410]
Event: 976.425 Thread 0x00000139b3c7e2c0 8824       3       java.lang.Thread::setContextClassLoader (49 bytes)
Event: 976.425 Thread 0x00000139b3c7e2c0 nmethod 8824 0x000001399d90b890 code [0x000001399d90ba60, 0x000001399d90bf98]
Event: 1013.851 Thread 0x00000139b3c58880 8825       4       java.util.concurrent.ConcurrentHashMap$Traverser::<init> (36 bytes)
Event: 1013.855 Thread 0x00000139b3c58880 nmethod 8825 0x00000139a4a8c810 code [0x00000139a4a8c980, 0x00000139a4a8cb58]
Event: 1023.858 Thread 0x00000139b3c58880 8826       4       java.util.concurrent.locks.AbstractQueuedSynchronizer$Node::getAndUnsetStatus (14 bytes)
Event: 1023.859 Thread 0x00000139b3c58880 nmethod 8826 0x00000139a4a8cc10 code [0x00000139a4a8cd80, 0x00000139a4a8ce58]
Event: 1026.845 Thread 0x00000139b3c58880 8827       4       java.util.concurrent.ThreadPoolExecutor::beforeExecute (1 bytes)
Event: 1026.846 Thread 0x00000139b3c58880 nmethod 8827 0x00000139a4a8cf10 code [0x00000139a4a8d080, 0x00000139a4a8d108]
Event: 1035.524 Thread 0x00000139b3c7e2c0 8828       3       java.util.concurrent.ScheduledThreadPoolExecutor::triggerTime (22 bytes)
Event: 1035.525 Thread 0x00000139b3c7e2c0 nmethod 8828 0x000001399d90c190 code [0x000001399d90c320, 0x000001399d90c508]
Event: 1059.855 Thread 0x00000139b3c58880 8829       4       java.util.concurrent.ScheduledThreadPoolExecutor$ScheduledFutureTask::compareTo (101 bytes)
Event: 1059.857 Thread 0x00000139b3c58880 nmethod 8829 0x00000139a4a8d210 code [0x00000139a4a8d380, 0x00000139a4a8d4b0]

GC Heap History (20 events):
Event: 27.448 GC heap before
{Heap before GC invocations=22 (full 0):
 garbage-first heap   total 61440K, used 51720K [0x0000000701a00000, 0x0000000800000000)
  region size 2048K, 14 young (28672K), 2 survivors (4096K)
 Metaspace       used 61127K, committed 61760K, reserved 1114112K
  class space    used 8094K, committed 8384K, reserved 1048576K
}
Event: 27.460 GC heap after
{Heap after GC invocations=23 (full 0):
 garbage-first heap   total 61440K, used 27843K [0x0000000701a00000, 0x0000000800000000)
  region size 2048K, 2 young (4096K), 2 survivors (4096K)
 Metaspace       used 61127K, committed 61760K, reserved 1114112K
  class space    used 8094K, committed 8384K, reserved 1048576K
}
Event: 28.199 GC heap before
{Heap before GC invocations=23 (full 0):
 garbage-first heap   total 61440K, used 48323K [0x0000000701a00000, 0x0000000800000000)
  region size 2048K, 13 young (26624K), 2 survivors (4096K)
 Metaspace       used 62832K, committed 63424K, reserved 1114112K
  class space    used 8285K, committed 8576K, reserved 1048576K
}
Event: 28.208 GC heap after
{Heap after GC invocations=24 (full 0):
 garbage-first heap   total 61440K, used 28775K [0x0000000701a00000, 0x0000000800000000)
  region size 2048K, 2 young (4096K), 2 survivors (4096K)
 Metaspace       used 62832K, committed 63424K, reserved 1114112K
  class space    used 8285K, committed 8576K, reserved 1048576K
}
Event: 28.790 GC heap before
{Heap before GC invocations=24 (full 0):
 garbage-first heap   total 61440K, used 49255K [0x0000000701a00000, 0x0000000800000000)
  region size 2048K, 13 young (26624K), 2 survivors (4096K)
 Metaspace       used 64200K, committed 64896K, reserved 1114112K
  class space    used 8560K, committed 8896K, reserved 1048576K
}
Event: 28.796 GC heap after
{Heap after GC invocations=25 (full 0):
 garbage-first heap   total 61440K, used 30168K [0x0000000701a00000, 0x0000000800000000)
  region size 2048K, 2 young (4096K), 2 survivors (4096K)
 Metaspace       used 64200K, committed 64896K, reserved 1114112K
  class space    used 8560K, committed 8896K, reserved 1048576K
}
Event: 29.290 GC heap before
{Heap before GC invocations=25 (full 0):
 garbage-first heap   total 61440K, used 48600K [0x0000000701a00000, 0x0000000800000000)
  region size 2048K, 12 young (24576K), 2 survivors (4096K)
 Metaspace       used 65752K, committed 66432K, reserved 1114112K
  class space    used 8887K, committed 9216K, reserved 1048576K
}
Event: 29.297 GC heap after
{Heap after GC invocations=26 (full 0):
 garbage-first heap   total 61440K, used 30852K [0x0000000701a00000, 0x0000000800000000)
  region size 2048K, 2 young (4096K), 2 survivors (4096K)
 Metaspace       used 65752K, committed 66432K, reserved 1114112K
  class space    used 8887K, committed 9216K, reserved 1048576K
}
Event: 29.953 GC heap before
{Heap before GC invocations=27 (full 0):
 garbage-first heap   total 61440K, used 51332K [0x0000000701a00000, 0x0000000800000000)
  region size 2048K, 12 young (24576K), 2 survivors (4096K)
 Metaspace       used 66590K, committed 67264K, reserved 1114112K
  class space    used 9033K, committed 9344K, reserved 1048576K
}
Event: 29.957 GC heap after
{Heap after GC invocations=28 (full 0):
 garbage-first heap   total 61440K, used 31132K [0x0000000701a00000, 0x0000000800000000)
  region size 2048K, 2 young (4096K), 2 survivors (4096K)
 Metaspace       used 66590K, committed 67264K, reserved 1114112K
  class space    used 9033K, committed 9344K, reserved 1048576K
}
Event: 30.434 GC heap before
{Heap before GC invocations=28 (full 0):
 garbage-first heap   total 61440K, used 51612K [0x0000000701a00000, 0x0000000800000000)
  region size 2048K, 12 young (24576K), 2 survivors (4096K)
 Metaspace       used 67367K, committed 68032K, reserved 1114112K
  class space    used 9086K, committed 9408K, reserved 1048576K
}
Event: 30.444 GC heap after
{Heap after GC invocations=29 (full 0):
 garbage-first heap   total 61440K, used 31409K [0x0000000701a00000, 0x0000000800000000)
  region size 2048K, 1 young (2048K), 1 survivors (2048K)
 Metaspace       used 67367K, committed 68032K, reserved 1114112K
  class space    used 9086K, committed 9408K, reserved 1048576K
}
Event: 31.021 GC heap before
{Heap before GC invocations=29 (full 0):
 garbage-first heap   total 61440K, used 53937K [0x0000000701a00000, 0x0000000800000000)
  region size 2048K, 12 young (24576K), 1 survivors (2048K)
 Metaspace       used 68066K, committed 68736K, reserved 1114112K
  class space    used 9171K, committed 9472K, reserved 1048576K
}
Event: 31.027 GC heap after
{Heap after GC invocations=30 (full 0):
 garbage-first heap   total 161792K, used 32284K [0x0000000701a00000, 0x0000000800000000)
  region size 2048K, 2 young (4096K), 2 survivors (4096K)
 Metaspace       used 68066K, committed 68736K, reserved 1114112K
  class space    used 9171K, committed 9472K, reserved 1048576K
}
Event: 33.942 GC heap before
{Heap before GC invocations=31 (full 0):
 garbage-first heap   total 122880K, used 99868K [0x0000000701a00000, 0x0000000800000000)
  region size 2048K, 36 young (73728K), 2 survivors (4096K)
 Metaspace       used 72760K, committed 73408K, reserved 1114112K
  class space    used 9824K, committed 10112K, reserved 1048576K
}
Event: 33.953 GC heap after
{Heap after GC invocations=32 (full 0):
 garbage-first heap   total 122880K, used 35484K [0x0000000701a00000, 0x0000000800000000)
  region size 2048K, 3 young (6144K), 3 survivors (6144K)
 Metaspace       used 72760K, committed 73408K, reserved 1114112K
  class space    used 9824K, committed 10112K, reserved 1048576K
}
Event: 103.528 GC heap before
{Heap before GC invocations=32 (full 0):
 garbage-first heap   total 122880K, used 103068K [0x0000000701a00000, 0x0000000800000000)
  region size 2048K, 36 young (73728K), 3 survivors (6144K)
 Metaspace       used 78555K, committed 79360K, reserved 1179648K
  class space    used 10568K, committed 10944K, reserved 1048576K
}
Event: 103.542 GC heap after
{Heap after GC invocations=33 (full 0):
 garbage-first heap   total 122880K, used 38245K [0x0000000701a00000, 0x0000000800000000)
  region size 2048K, 4 young (8192K), 4 survivors (8192K)
 Metaspace       used 78555K, committed 79360K, reserved 1179648K
  class space    used 10568K, committed 10944K, reserved 1048576K
}
Event: 899.430 GC heap before
{Heap before GC invocations=33 (full 0):
 garbage-first heap   total 122880K, used 103781K [0x0000000701a00000, 0x0000000800000000)
  region size 2048K, 36 young (73728K), 4 survivors (8192K)
 Metaspace       used 78945K, committed 79680K, reserved 1179648K
  class space    used 10598K, committed 10944K, reserved 1048576K
}
Event: 899.443 GC heap after
{Heap after GC invocations=34 (full 0):
 garbage-first heap   total 122880K, used 38988K [0x0000000701a00000, 0x0000000800000000)
  region size 2048K, 2 young (4096K), 2 survivors (4096K)
 Metaspace       used 78945K, committed 79680K, reserved 1179648K
  class space    used 10598K, committed 10944K, reserved 1048576K
}

Dll operation events (13 events):
Event: 0.128 Loaded shared library C:\Program Files\Java\jdk-20.0.1\bin\java.dll
Event: 0.181 Loaded shared library C:\Program Files\Java\jdk-20.0.1\bin\jsvml.dll
Event: 0.701 Loaded shared library C:\Program Files\Java\jdk-20.0.1\bin\zip.dll
Event: 0.712 Loaded shared library C:\Program Files\Java\jdk-20.0.1\bin\instrument.dll
Event: 0.728 Loaded shared library C:\Program Files\Java\jdk-20.0.1\bin\net.dll
Event: 0.732 Loaded shared library C:\Program Files\Java\jdk-20.0.1\bin\nio.dll
Event: 0.745 Loaded shared library C:\Program Files\Java\jdk-20.0.1\bin\zip.dll
Event: 1.351 Loaded shared library C:\Program Files\Java\jdk-20.0.1\bin\jimage.dll
Event: 1.501 Loaded shared library C:\Program Files\Java\jdk-20.0.1\bin\verify.dll
Event: 2.526 Loaded shared library C:\Program Files\Java\jdk-20.0.1\bin\management.dll
Event: 2.534 Loaded shared library C:\Program Files\Java\jdk-20.0.1\bin\management_ext.dll
Event: 14.412 Loaded shared library C:\Program Files\Java\jdk-20.0.1\bin\sunmscapi.dll
Event: 17.763 Loaded shared library C:\Program Files\Java\jdk-20.0.1\bin\extnet.dll

Deoptimization events (20 events):
Event: 181.849 Thread 0x00000139be72ca10 DEOPT PACKING pc=0x00000139a459ded4 sp=0x0000002f3aaf9f70
Event: 181.849 Thread 0x00000139be72ca10 DEOPT UNPACKING pc=0x00000139a3fea4c2 sp=0x0000002f3aaf93f8 mode 1
Event: 181.849 Thread 0x00000139be72ca10 DEOPT PACKING pc=0x00000139a47131b0 sp=0x0000002f3aafa950
Event: 181.849 Thread 0x00000139be72ca10 DEOPT UNPACKING pc=0x00000139a3fea4c2 sp=0x0000002f3aaf9d60 mode 1
Event: 181.849 Thread 0x00000139be72ca10 DEOPT PACKING pc=0x00000139a459ded4 sp=0x0000002f3aafaa60
Event: 181.849 Thread 0x00000139be72ca10 DEOPT UNPACKING pc=0x00000139a3fea4c2 sp=0x0000002f3aaf9ee8 mode 1
Event: 181.849 Thread 0x00000139be72ca10 DEOPT PACKING pc=0x00000139a47131b0 sp=0x0000002f3aafb440
Event: 181.849 Thread 0x00000139be72ca10 DEOPT UNPACKING pc=0x00000139a3fea4c2 sp=0x0000002f3aafa850 mode 1
Event: 181.851 Thread 0x00000139be72ca10 DEOPT PACKING pc=0x00000139a47131b0 sp=0x0000002f3aafc010
Event: 181.851 Thread 0x00000139be72ca10 DEOPT UNPACKING pc=0x00000139a3fea4c2 sp=0x0000002f3aafb420 mode 1
Event: 1073.002 Thread 0x00000139be731470 DEOPT PACKING pc=0x000001399d616dd4 sp=0x0000002f3acfb670
Event: 1073.002 Thread 0x00000139be731470 DEOPT UNPACKING pc=0x00000139a3fea4c2 sp=0x0000002f3acfab18 mode 0
Event: 1073.048 Thread 0x00000139b81c5710 Uncommon trap: trap_request=0xffffff45 fr.pc=0x00000139a4582724 relative=0x0000000000000fe4
Event: 1073.048 Thread 0x00000139b81c5710 Uncommon trap: reason=unstable_if action=reinterpret pc=0x00000139a4582724 method=sun.instrument.InstrumentationImpl.transform(Ljava/lang/Module;Ljava/lang/ClassLoader;Ljava/lang/String;Ljava/lang/Class;Ljava/security/ProtectionDomain;[BZ)[B @ 24 c2
Event: 1073.048 Thread 0x00000139b81c5710 DEOPT PACKING pc=0x00000139a4582724 sp=0x0000002f391fe230
Event: 1073.048 Thread 0x00000139b81c5710 DEOPT UNPACKING pc=0x00000139a3fe9d22 sp=0x0000002f391fe328 mode 2
Event: 1073.273 Thread 0x00000139be72e9f0 Uncommon trap: trap_request=0xffffff45 fr.pc=0x00000139a4a87bbc relative=0x0000000000000e9c
Event: 1073.273 Thread 0x00000139be72e9f0 Uncommon trap: reason=unstable_if action=reinterpret pc=0x00000139a4a87bbc method=java.util.AbstractCollection.containsAll(Ljava/util/Collection;)Z @ 28 c2
Event: 1073.273 Thread 0x00000139be72e9f0 DEOPT PACKING pc=0x00000139a4a87bbc sp=0x0000002f3a2ff220
Event: 1073.273 Thread 0x00000139be72e9f0 DEOPT UNPACKING pc=0x00000139a3fe9d22 sp=0x0000002f3a2ff240 mode 2

Classes loaded (20 events):
Event: 53.466 Loading class jdk/internal/access/JavaIOPrintWriterAccess done
Event: 53.466 Loading class java/io/PrintWriter$1 done
Event: 54.101 Loading class java/lang/StringEditor
Event: 54.101 Loading class java/lang/StringEditor done
Event: 54.131 Loading class java/util/DateEditor
Event: 54.131 Loading class java/util/DateEditor done
Event: 54.164 Loading class sun/reflect/annotation/AnnotationInvocationHandler$1
Event: 54.164 Loading class sun/reflect/annotation/AnnotationInvocationHandler$1 done
Event: 54.302 Loading class java/util/ArrayList$SubList$2
Event: 54.302 Loading class java/util/ArrayList$SubList$2 done
Event: 54.321 Loading class java/time/format/DateTimeFormatterBuilder$ZoneTextPrinterParser
Event: 54.321 Loading class java/time/format/DateTimeFormatterBuilder$ZoneTextPrinterParser done
Event: 54.322 Loading class java/time/format/DateTimeFormatterBuilder$ReducedPrinterParser
Event: 54.322 Loading class java/time/format/DateTimeFormatterBuilder$ReducedPrinterParser done
Event: 181.645 Loading class java/text/MessageFormat$Field
Event: 181.645 Loading class java/text/MessageFormat$Field done
Event: 181.758 Loading class java/lang/Throwable$WrappedPrintWriter
Event: 181.759 Loading class java/lang/Throwable$PrintStreamOrWriter
Event: 181.759 Loading class java/lang/Throwable$PrintStreamOrWriter done
Event: 181.759 Loading class java/lang/Throwable$WrappedPrintWriter done

Classes unloaded (1 events):
Event: 31.144 Thread 0x00000139b3c2ba20 Unloading class 0x0000000801888000 'jdk/internal/reflect/GeneratedSerializationConstructorAccessor1'

Classes redefined (2 events):
Event: 1073.080 Thread 0x00000139b3c2ba20 redefined class name=com.br.Ad.Ad.repositories.ClienteRepository, count=1
Event: 1073.080 Thread 0x00000139b3c2ba20 redefined class name=com.br.Ad.Ad.controller.ClienteController, count=1

Internal exceptions (20 events):
Event: 27.255 Thread 0x00000139b912f4d0 Exception <a 'java/lang/IncompatibleClassChangeError'{0x000000070400d020}: Found class java.lang.Object, but interface was expected> (0x000000070400d020) 
thrown [s\open\src\hotspot\share\interpreter\linkResolver.cpp, line 840]
Event: 27.512 Thread 0x00000139b912f4d0 Exception <a 'java/lang/NoSuchMethodError'{0x0000000709214b68}: 'java.lang.Object java.lang.invoke.DirectMethodHandle$Holder.newInvokeSpecial(java.lang.Object, java.lang.Object, int)'> (0x0000000709214b68) 
thrown [s\open\src\hotspot\share\interpreter\linkResolver.cpp, line 773]
Event: 27.519 Thread 0x00000139b912f4d0 Exception <a 'java/lang/NoSuchMethodError'{0x000000070925dde8}: 'java.lang.Object java.lang.invoke.Invokers$Holder.invoke_MT(java.lang.Object, java.lang.Object, java.lang.Object, java.lang.Object, java.lang.Object, java.lang.Object, java.lang.Object, java.lang.Object, java.lang.Object)'> (0x000000070925dde8) 
thrown [s\open\src\hotspot\share\interpreter\linkResolver.cpp, line 773]
Event: 27.527 Thread 0x00000139b912f4d0 Exception <a 'java/lang/IncompatibleClassChangeError'{0x0000000709296e20}: Found class java.lang.Object, but interface was expected> (0x0000000709296e20) 
thrown [s\open\src\hotspot\share\interpreter\linkResolver.cpp, line 840]
Event: 29.822 Thread 0x00000139b912f4d0 Implicit null exception at 0x00000139a49cfea4 to 0x00000139a49d0014
Event: 29.827 Thread 0x00000139b912f4d0 Exception <a 'java/lang/NoSuchMethodError'{0x000000070474ff48}: 'int java.lang.invoke.DirectMethodHandle$Holder.invokeStatic(java.lang.Object)'> (0x000000070474ff48) 
thrown [s\open\src\hotspot\share\interpreter\linkResolver.cpp, line 773]
Event: 30.921 Thread 0x00000139b912f4d0 Exception <a 'java/lang/NoSuchMethodError'{0x00000007043c9330}: 'java.lang.Object java.lang.invoke.DirectMethodHandle$Holder.newInvokeSpecial(java.lang.Object, java.lang.Object, java.lang.Object, java.lang.Object, java.lang.Object, java.lang.Object, java.lang.Object, java.lang.Object)'> (0x00000007043c9330) 
thrown [s\open\src\hotspot\share\interpreter\linkResolver.cpp, line 773]
Event: 31.127 Thread 0x00000139b912f4d0 Implicit null exception at 0x00000139a46c14b2 to 0x00000139a46c1586
Event: 31.688 Thread 0x00000139b912f4d0 Exception <a 'java/lang/NoSuchMethodError'{0x0000000708019b78}: 'java.lang.Object java.lang.invoke.DirectMethodHandle$Holder.invokeInterface(java.lang.Object, java.lang.Object, java.lang.Object, java.lang.Object)'> (0x0000000708019b78) 
thrown [s\open\src\hotspot\share\interpreter\linkResolver.cpp, line 773]
Event: 32.142 Thread 0x00000139b912f4d0 Exception <a 'java/lang/NoSuchMethodError'{0x00000007076f1920}: 'void java.lang.invoke.DirectMethodHandle$Holder.invokeVirtual(java.lang.Object, java.lang.Object, long)'> (0x00000007076f1920) 
thrown [s\open\src\hotspot\share\interpreter\linkResolver.cpp, line 773]
Event: 32.719 Thread 0x00000139b912f4d0 Exception <a 'java/lang/IncompatibleClassChangeError'{0x0000000706bd11c8}: Found class java.lang.Object, but interface was expected> (0x0000000706bd11c8) 
thrown [s\open\src\hotspot\share\interpreter\linkResolver.cpp, line 840]
Event: 32.852 Thread 0x00000139b912f4d0 Implicit null exception at 0x00000139a47e3660 to 0x00000139a47e3cb4
Event: 33.057 Thread 0x00000139b912f4d0 Implicit null exception at 0x00000139a473124b to 0x00000139a47314ec
Event: 33.756 Thread 0x00000139b912f4d0 Exception <a 'java/lang/NoSuchMethodError'{0x0000000705272a78}: 'java.lang.Object java.lang.invoke.DirectMethodHandle$Holder.newInvokeSpecial(java.lang.Object, java.lang.Object, int, java.lang.Object, java.lang.Object)'> (0x0000000705272a78) 
thrown [s\open\src\hotspot\share\interpreter\linkResolver.cpp, line 773]
Event: 33.758 Thread 0x00000139b912f4d0 Exception <a 'java/lang/NoSuchMethodError'{0x000000070527d548}: 'java.lang.Object java.lang.invoke.DirectMethodHandle$Holder.invokeSpecial(java.lang.Object, java.lang.Object, int, java.lang.Object, int, java.lang.Object)'> (0x000000070527d548) 
thrown [s\open\src\hotspot\share\interpreter\linkResolver.cpp, line 773]
Event: 33.759 Thread 0x00000139b912f4d0 Exception <a 'java/lang/NoSuchMethodError'{0x0000000705285288}: 'java.lang.Object java.lang.invoke.DirectMethodHandle$Holder.newInvokeSpecial(java.lang.Object, java.lang.Object, int, java.lang.Object, int)'> (0x0000000705285288) 
thrown [s\open\src\hotspot\share\interpreter\linkResolver.cpp, line 773]
Event: 33.760 Thread 0x00000139b912f4d0 Exception <a 'java/lang/NoSuchMethodError'{0x00000007052890f8}: 'java.lang.Object java.lang.invoke.DirectMethodHandle$Holder.invokeSpecial(java.lang.Object, java.lang.Object, java.lang.Object, int, java.lang.Object, int)'> (0x00000007052890f8) 
thrown [s\open\src\hotspot\share\interpreter\linkResolver.cpp, line 773]
Event: 52.747 Thread 0x00000139be730f20 Exception <a 'java/lang/NoSuchMethodError'{0x000000070889c328}: 'java.lang.Object java.lang.invoke.DirectMethodHandle$Holder.invokeSpecial(java.lang.Object, java.lang.Object, java.lang.Object, java.lang.Object, java.lang.Object, long)'> (0x000000070889c328) 
thrown [s\open\src\hotspot\share\interpreter\linkResolver.cpp, line 773]
Event: 52.747 Thread 0x00000139be730f20 Exception <a 'java/lang/NoSuchMethodError'{0x000000070889fae8}: 'java.lang.Object java.lang.invoke.Invokers$Holder.linkToTargetMethod(java.lang.Object, java.lang.Object, java.lang.Object, long, java.lang.Object)'> (0x000000070889fae8) 
thrown [s\open\src\hotspot\share\interpreter\linkResolver.cpp, line 773]
Event: 54.300 Thread 0x00000139be72df50 Exception <a 'java/lang/NoSuchMethodError'{0x0000000705f714b8}: 'java.lang.Object java.lang.invoke.DirectMethodHandle$Holder.invokeStatic(java.lang.Object, int, int)'> (0x0000000705f714b8) 
thrown [s\open\src\hotspot\share\interpreter\linkResolver.cpp, line 773]

VM Operations (20 events):
Event: 850.750 Executing VM operation: get/set locals
Event: 850.750 Executing VM operation: get/set locals done
Event: 892.120 Executing VM operation: Cleanup
Event: 892.120 Executing VM operation: Cleanup done
Event: 899.430 Executing VM operation: G1CollectForAllocation
Event: 899.443 Executing VM operation: G1CollectForAllocation done
Event: 900.454 Executing VM operation: Cleanup
Event: 900.454 Executing VM operation: Cleanup done
Event: 1073.001 Executing VM operation: ChangeSingleStep
Event: 1073.001 Executing VM operation: ChangeSingleStep done
Event: 1073.003 Executing VM operation: ChangeSingleStep
Event: 1073.003 Executing VM operation: ChangeSingleStep done
Event: 1073.053 Executing VM operation: RedefineClasses
Event: 1073.128 Executing VM operation: RedefineClasses done
Event: 1073.162 Executing VM operation: ChangeBreakpoints
Event: 1073.165 Executing VM operation: ChangeBreakpoints done
Event: 1073.196 Executing VM operation: ChangeBreakpoints
Event: 1073.199 Executing VM operation: ChangeBreakpoints done
Event: 1073.508 Executing VM operation: ChangeSingleStep
Event: 1073.508 Executing VM operation: ChangeSingleStep done

Events (20 events):
Event: 33.786 Thread 0x00000139be72af80 Thread added: 0x00000139be72af80
Event: 33.787 Thread 0x00000139be72ca10 Thread added: 0x00000139be72ca10
Event: 33.787 Thread 0x00000139be72b4d0 Thread added: 0x00000139be72b4d0
Event: 33.787 Thread 0x00000139be731470 Thread added: 0x00000139be731470
Event: 33.787 Thread 0x00000139be72cf60 Thread added: 0x00000139be72cf60
Event: 33.788 Thread 0x00000139be72ba20 Thread added: 0x00000139be72ba20
Event: 33.788 Thread 0x00000139be72f490 Thread added: 0x00000139be72f490
Event: 33.888 Thread 0x00000139be72f9e0 Thread added: 0x00000139be72f9e0
Event: 33.895 Thread 0x00000139be72c4c0 Thread added: 0x00000139be72c4c0
Event: 33.980 Thread 0x00000139b912f4d0 Thread exited: 0x00000139b912f4d0
Event: 33.992 Thread 0x00000139b912cf70 Thread exited: 0x00000139b912cf70
Event: 36.067 Thread 0x00000139baaf6fb0 Thread exited: 0x00000139baaf6fb0
Event: 39.886 Thread 0x0000013992666860 Thread exited: 0x0000013992666860
Event: 39.886 Thread 0x00000139be7319c0 Thread added: 0x00000139be7319c0
Event: 53.017 Thread 0x00000139baaf48c0 Thread added: 0x00000139baaf48c0
Event: 53.524 Thread 0x00000139baaf48c0 Thread exited: 0x00000139baaf48c0
Event: 53.644 Thread 0x00000139baaf5970 Thread added: 0x00000139baaf5970
Event: 54.092 Thread 0x00000139baaf5970 Thread exited: 0x00000139baaf5970
Event: 54.180 Thread 0x00000139baaf2cf0 Thread added: 0x00000139baaf2cf0
Event: 55.696 Thread 0x00000139baaf2cf0 Thread exited: 0x00000139baaf2cf0


Dynamic libraries:
0x00007ff685ef0000 - 0x00007ff685efe000 	C:\Program Files\Java\jdk-20.0.1\bin\javaw.exe
0x00007ff894a90000 - 0x00007ff894ca4000 	C:\WINDOWS\SYSTEM32\ntdll.dll
0x00007ff8936d0000 - 0x00007ff893792000 	C:\WINDOWS\System32\KERNEL32.DLL
0x00007ff892240000 - 0x00007ff8925e3000 	C:\WINDOWS\System32\KERNELBASE.dll
0x00007ff8530a0000 - 0x00007ff85316f000 	C:\Program Files\Bitdefender\Endpoint Security\bdhkm\dlls_266184808945032704\bdhkm64.dll
0x00007ff852f40000 - 0x00007ff85309b000 	C:\Program Files\Bitdefender\Endpoint Security\atcuf\dlls_266658878408607338\atcuf64.dll
0x00007ff8920a0000 - 0x00007ff8921b1000 	C:\WINDOWS\System32\ucrtbase.dll
0x00007ff88cbb0000 - 0x00007ff88cbc7000 	C:\Program Files\Java\jdk-20.0.1\bin\jli.dll
0x00007ff893890000 - 0x00007ff893a3a000 	C:\WINDOWS\System32\USER32.dll
0x00007ff8925f0000 - 0x00007ff892616000 	C:\WINDOWS\System32\win32u.dll
0x00007ff893ac0000 - 0x00007ff893ae9000 	C:\WINDOWS\System32\GDI32.dll
0x00007ff892620000 - 0x00007ff892739000 	C:\WINDOWS\System32\gdi32full.dll
0x00007ff891e90000 - 0x00007ff891f2a000 	C:\WINDOWS\System32\msvcp_win.dll
0x00007ff88b0a0000 - 0x00007ff88b0bb000 	C:\Program Files\Java\jdk-20.0.1\bin\VCRUNTIME140.dll
0x00007ff8811d0000 - 0x00007ff88145e000 	C:\WINDOWS\WinSxS\amd64_microsoft.windows.common-controls_6595b64144ccf1df_6.0.22621.1635_none_270f70857386168e\COMCTL32.dll
0x00007ff892b40000 - 0x00007ff892be7000 	C:\WINDOWS\System32\msvcrt.dll
0x00007ff894400000 - 0x00007ff894431000 	C:\WINDOWS\System32\IMM32.DLL
0x00007ff88f850000 - 0x00007ff88f85c000 	C:\Program Files\Java\jdk-20.0.1\bin\vcruntime140_1.dll
0x00007ff860830000 - 0x00007ff8608be000 	C:\Program Files\Java\jdk-20.0.1\bin\msvcp140.dll
0x00007ff800750000 - 0x00007ff8013e7000 	C:\Program Files\Java\jdk-20.0.1\bin\server\jvm.dll
0x00007ff8948f0000 - 0x00007ff89499e000 	C:\WINDOWS\System32\ADVAPI32.dll
0x00007ff894440000 - 0x00007ff8944e4000 	C:\WINDOWS\System32\sechost.dll
0x00007ff892a20000 - 0x00007ff892b37000 	C:\WINDOWS\System32\RPCRT4.dll
0x00007ff8684f0000 - 0x00007ff8684f9000 	C:\WINDOWS\SYSTEM32\WSOCK32.dll
0x00007ff8937b0000 - 0x00007ff893821000 	C:\WINDOWS\System32\WS2_32.dll
0x00007ff88d7c0000 - 0x00007ff88d7f4000 	C:\WINDOWS\SYSTEM32\WINMM.dll
0x00007ff88d050000 - 0x00007ff88d05a000 	C:\WINDOWS\SYSTEM32\VERSION.dll
0x00007ff890e90000 - 0x00007ff890ea8000 	C:\WINDOWS\SYSTEM32\kernel.appcore.dll
0x00007ff88d100000 - 0x00007ff88d10a000 	C:\Program Files\Java\jdk-20.0.1\bin\jimage.dll
0x00007ff88c450000 - 0x00007ff88c67e000 	C:\WINDOWS\SYSTEM32\DBGHELP.DLL
0x00007ff892c40000 - 0x00007ff892fc9000 	C:\WINDOWS\System32\combase.dll
0x00007ff893170000 - 0x00007ff893247000 	C:\WINDOWS\System32\OLEAUT32.dll
0x00007ff88c2a0000 - 0x00007ff88c2d2000 	C:\WINDOWS\SYSTEM32\dbgcore.DLL
0x00007ff8921c0000 - 0x00007ff89223a000 	C:\WINDOWS\System32\bcryptPrimitives.dll
0x00007ff863940000 - 0x00007ff86397c000 	C:\Program Files\Java\jdk-20.0.1\bin\jdwp.dll
0x00007ff88cba0000 - 0x00007ff88cbae000 	C:\Program Files\Java\jdk-20.0.1\bin\instrument.dll
0x00007ff876d50000 - 0x00007ff876d76000 	C:\Program Files\Java\jdk-20.0.1\bin\java.dll
0x00007ff85d020000 - 0x00007ff85d0f7000 	C:\Program Files\Java\jdk-20.0.1\bin\jsvml.dll
0x00007ff893b00000 - 0x00007ff8942f9000 	C:\WINDOWS\System32\SHELL32.dll
0x00007ff88fc90000 - 0x00007ff89055e000 	C:\WINDOWS\SYSTEM32\windows.storage.dll
0x00007ff88fb50000 - 0x00007ff88fc8e000 	C:\WINDOWS\SYSTEM32\wintypes.dll
0x00007ff894300000 - 0x00007ff8943f1000 	C:\WINDOWS\System32\SHCORE.dll
0x00007ff894870000 - 0x00007ff8948ce000 	C:\WINDOWS\System32\shlwapi.dll
0x00007ff891dc0000 - 0x00007ff891de6000 	C:\WINDOWS\SYSTEM32\profapi.dll
0x00007ff88bd00000 - 0x00007ff88bd0c000 	C:\Program Files\Java\jdk-20.0.1\bin\dt_socket.dll
0x00007ff890680000 - 0x00007ff8906ad000 	C:\WINDOWS\SYSTEM32\IPHLPAPI.DLL
0x00007ff891440000 - 0x00007ff8914a9000 	C:\WINDOWS\system32\mswsock.dll
0x00007ff8906b0000 - 0x00007ff8907a3000 	C:\WINDOWS\SYSTEM32\DNSAPI.dll
0x00007ff893af0000 - 0x00007ff893af9000 	C:\WINDOWS\System32\NSI.dll
0x00007ff88da30000 - 0x00007ff88da3a000 	C:\Windows\System32\rasadhlp.dll
0x00007ff88eb00000 - 0x00007ff88eb84000 	C:\WINDOWS\System32\fwpuclnt.dll
0x00007ff886020000 - 0x00007ff886038000 	C:\Program Files\Java\jdk-20.0.1\bin\zip.dll
0x00007ff87fd40000 - 0x00007ff87fd53000 	C:\Program Files\Java\jdk-20.0.1\bin\net.dll
0x00007ff890eb0000 - 0x00007ff890fe7000 	C:\WINDOWS\SYSTEM32\WINHTTP.dll
0x00007ff84d6f0000 - 0x00007ff84d706000 	C:\Program Files\Java\jdk-20.0.1\bin\nio.dll
0x00007ff88bca0000 - 0x00007ff88bcb0000 	C:\Program Files\Java\jdk-20.0.1\bin\verify.dll
0x00007ff88bc20000 - 0x00007ff88bc2a000 	C:\Program Files\Java\jdk-20.0.1\bin\management.dll
0x00007ff88b0d0000 - 0x00007ff88b0db000 	C:\Program Files\Java\jdk-20.0.1\bin\management_ext.dll
0x00007ff8945f0000 - 0x00007ff8945f8000 	C:\WINDOWS\System32\PSAPI.DLL
0x00007ff8916e0000 - 0x00007ff8916fb000 	C:\WINDOWS\SYSTEM32\CRYPTSP.dll
0x00007ff890e00000 - 0x00007ff890e35000 	C:\WINDOWS\system32\rsaenh.dll
0x00007ff8914e0000 - 0x00007ff89150c000 	C:\WINDOWS\SYSTEM32\USERENV.dll
0x00007ff891810000 - 0x00007ff891838000 	C:\WINDOWS\SYSTEM32\bcrypt.dll
0x00007ff8916c0000 - 0x00007ff8916cc000 	C:\WINDOWS\SYSTEM32\CRYPTBASE.dll
0x00007ff88eae0000 - 0x00007ff88eaf9000 	C:\WINDOWS\SYSTEM32\dhcpcsvc6.DLL
0x00007ff88eac0000 - 0x00007ff88eadf000 	C:\WINDOWS\SYSTEM32\dhcpcsvc.DLL
0x00007ff88f860000 - 0x00007ff88f86e000 	C:\Program Files\Java\jdk-20.0.1\bin\sunmscapi.dll
0x00007ff891f30000 - 0x00007ff892097000 	C:\WINDOWS\System32\CRYPT32.dll
0x00007ff8917e0000 - 0x00007ff89180e000 	C:\WINDOWS\SYSTEM32\ncrypt.dll
0x00007ff8917a0000 - 0x00007ff8917d7000 	C:\WINDOWS\SYSTEM32\NTASN1.dll
0x00007ff88a3b0000 - 0x00007ff88a3b7000 	C:\Program Files\Java\jdk-20.0.1\bin\extnet.dll
0x00007ff88d730000 - 0x00007ff88d738000 	C:\WINDOWS\system32\wshunix.dll

dbghelp: loaded successfully - version: 4.0.5 - missing functions: none
symbol engine: initialized successfully - sym options: 0x614 - pdb path: .;C:\Program Files\Java\jdk-20.0.1\bin;C:\WINDOWS\SYSTEM32;C:\Program Files\Bitdefender\Endpoint Security\bdhkm\dlls_266184808945032704;C:\Program Files\Bitdefender\Endpoint Security\atcuf\dlls_266658878408607338;C:\WINDOWS\WinSxS\amd64_microsoft.windows.common-controls_6595b64144ccf1df_6.0.22621.1635_none_270f70857386168e;C:\Program Files\Java\jdk-20.0.1\bin\server

VM Arguments:
jvm_args: -XX:+ShowCodeDetailsInExceptionMessages -agentlib:jdwp=transport=dt_socket,suspend=y,address=localhost:49184 -javaagent:C:\Users\alan.costa\eclipse\java-2023-03\eclipse\configuration\org.eclipse.osgi\756\0\.cp\lib\javaagent-shaded.jar -Dfile.encoding=UTF-8 
java_command: com.br.Ad.Ad.AdApplication
java_class_path (initial): C:\Work\Ad\target\classes;C:\Users\alan.costa\.m2\repository\org\springframework\boot\spring-boot-starter-data-jpa\3.1.1\spring-boot-starter-data-jpa-3.1.1.jar;C:\Users\alan.costa\.m2\repository\org\springframework\boot\spring-boot-starter-aop\3.1.1\spring-boot-starter-aop-3.1.1.jar;C:\Users\alan.costa\.m2\repository\org\aspectj\aspectjweaver\1.9.19\aspectjweaver-1.9.19.jar;C:\Users\alan.costa\.m2\repository\org\springframework\boot\spring-boot-starter-jdbc\3.1.1\spring-boot-starter-jdbc-3.1.1.jar;C:\Users\alan.costa\.m2\repository\com\zaxxer\HikariCP\5.0.1\HikariCP-5.0.1.jar;C:\Users\alan.costa\.m2\repository\org\springframework\spring-jdbc\6.0.10\spring-jdbc-6.0.10.jar;C:\Users\alan.costa\.m2\repository\org\hibernate\orm\hibernate-core\6.2.5.Final\hibernate-core-6.2.5.Final.jar;C:\Users\alan.costa\.m2\repository\jakarta\persistence\jakarta.persistence-api\3.1.0\jakarta.persistence-api-3.1.0.jar;C:\Users\alan.costa\.m2\repository\jakarta\transaction\jakarta.transaction-api\2.0.1\jakarta.transaction-api-2.0.1.jar;C:\Users\alan.costa\.m2\repository\org\jboss\logging\jboss-logging\3.5.1.Final\jboss-logging-3.5.1.Final.jar;C:\Users\alan.costa\.m2\repository\org\hibernate\common\hibernate-commons-annotations\6.0.6.Final\hibernate-commons-annotations-6.0.6.Final.jar;C:\Users\alan.costa\.m2\repository\io\smallrye\jandex\3.0.5\jandex-3.0.5.jar;C:\Users\alan.costa\.m2\repository\com\fasterxml\classmate\1.5.1\classmate-1.5.1.jar;C:\Users\alan.costa\.m2\repository\net\bytebuddy\byte-buddy\1.14.5\byte-buddy-1.14.5.jar;C:\Users\alan.costa\.m2\repository\org\glassfish\jaxb\jaxb-runtime\4.0.3\jaxb-runtime-4.0.3.jar;C:\Users\alan.costa\.m2\repository\org\glassfish\jaxb\jaxb-core\4.0.3\jaxb-core-4.0.3.jar;C:\Users\alan.costa\.m2\repository\org\eclipse\angus\angus-activation\2.0.1\angus-activation-2.0.1.jar;C:\Users\alan.costa\.m2\repository\org\glassfish\jaxb\txw2\4.0.3\txw2-4.0.3.jar;C:\Users\alan.costa\.m2\repository\com\sun\istack\istack-commons-runtime\4.1.2\istack-commons-runtime-4.1.2.jar;C:\Users\alan.costa\.m2\repository\jakarta\inject\jakarta.inject-api\2.0.1\jakarta.inject-api-2.0.1.jar;C:\Users\alan.costa\.m2\repository\org\antlr\antlr4-runtime\4.10.1\antlr4-runtime-4.10.1.jar;C:\Users\alan.costa\.m2\repository\org\springframework\data\spring-data-jpa\3.1.1\spring-data-jpa-3.1.1.jar;C:\Users\alan.costa\.m2\repository\org\springframework\data\spring-data-commons\3.1.1\spring-data-commons-3.1.1.jar;C:\Users\alan.costa\.m2\repository\org\springframework\spring-orm\6.0.10\spring-orm-6.0.10.jar;C:\Users\alan.costa\.m2\repository\org\springframework\spring-context\6.0.10\spring-context-6.0.10.jar;C:\Users\alan.costa\.m2\repository\org\springframework\spring-tx\6.0.10\spring-tx-6.0.10.jar;C:\Users\alan.costa\.m2\repository\org\springframework\spring-beans\6.0.10\spring-beans-6.0.10.jar;C:\Users\alan.costa\.m2\repository\jakarta\annotation\jakarta.annotation-api\2.1.1\jakarta.annotation-api-2.1.1.jar;C:\Users\alan.costa\.m2\repository\org\springframework\spring-aspects\6.0.10\spring-aspects-6.0.10.jar;C:\Users\alan.costa\.m2\repository\org\springframework\boot\spring-boot-starter-validation\3.1.1\spring-boot-starter-validation-3.1.1.jar;C:\Users\alan.costa\.m2\repository\org\springframework\boot\spring-boot-starter\3.1.1\spring-boot-starter-3.1.1.jar;C:\Users\alan.costa\.m2\repository\org\springframework\boot\spring-boot-starter-logging\3.1.1\spring-boot-starter-logging-3.1.1.jar;C:\Users\alan.costa\.m2\repository\ch\qos\logback\logback-classic\1.4.8\logback-classic-1.4.8.jar;C:\Users\alan.costa\.m2\repository\ch\qos\logback\logback-core\1.4.8\logback-core-1.4.8.jar;C:\Users\alan.costa\.m2\repository\org\apache\logging\log4j\log4j-to-slf4j\2.20.0\log4j-to-slf4j-2.20.0.jar;C:\Users\alan.costa\.m2\repository\org\apache\logging\log4j\log4j-api\2.20.0\log4j-api-2.20.0.jar;C:\Users\alan.costa\.m2\repository\org\slf4j\jul-to-slf4j\2.0.7\jul-to-slf4j-2.0.7.jar;C:\Users\alan.costa\.m2\repository\org\yaml\snakeyaml\1.33\snakeyaml-1.33.jar;C:\Users\alan.costa\.m2\repository\org\apache\tomcat\embed\tomcat-embed-el\10.1.10\tomcat-embed-el-10.1.10.jar;C:\Users\alan.costa\.m2\repository\org\hibernate\validator\hibernate-validator\8.0.0.Final\hibernate-validator-8.0.0.Final.jar;C:\Users\alan.costa\.m2\repository\jakarta\validation\jakarta.validation-api\3.0.2\jakarta.validation-api-3.0.2.jar;C:\Users\alan.costa\.m2\repository\org\springframework\boot\spring-boot-starter-web\3.1.1\spring-boot-starter-web-3.1.1.jar;C:\Users\alan.costa\.m2\repository\org\springframework\boot\spring-boot-starter-json\3.1.1\spring-boot-starter-json-3.1.1.jar;C:\Users\alan.costa\.m2\repository\com\fasterxml\jackson\core\jackson-databind\2.15.2\jackson-databind-2.15.2.jar;C:\Users\alan.costa\.m2\repository\com\fasterxml\jackson\core\jackson-annotations\2.15.2\jackson-annotations-2.15.2.jar;C:\Users\alan.costa\.m2\repository\com\fasterxml\jackson\core\jackson-core\2.15.2\jackson-core-2.15.2.jar;C:\Users\alan.costa\.m2\repository\com\fasterxml\jackson\datatype\jackson-datatype-jdk8\2.15.2\jackson-datatype-jdk8-2.15.2.jar;C:\Users\alan.costa\.m2\repository\com\fasterxml\jackson\datatype\jackson-datatype-jsr310\2.15.2\jackson-datatype-jsr310-2.15.2.jar;C:\Users\alan.costa\.m2\repository\com\fasterxml\jackson\module\jackson-module-parameter-names\2.15.2\jackson-module-parameter-names-2.15.2.jar;C:\Users\alan.costa\.m2\repository\org\springframework\boot\spring-boot-starter-tomcat\3.1.1\spring-boot-starter-tomcat-3.1.1.jar;C:\Users\alan.costa\.m2\repository\org\apache\tomcat\embed\tomcat-embed-core\10.1.10\tomcat-embed-core-10.1.10.jar;C:\Users\alan.costa\.m2\repository\org\apache\tomcat\embed\tomcat-embed-websocket\10.1.10\tomcat-embed-websocket-10.1.10.jar;C:\Users\alan.costa\.m2\repository\org\springframework\spring-web\6.0.10\spring-web-6.0.10.jar;C:\Users\alan.costa\.m2\repository\io\micrometer\micrometer-observation\1.11.1\micrometer-observation-1.11.1.jar;C:\Users\alan.costa\.m2\repository\io\micrometer\micrometer-commons\1.11.1\micrometer-commons-1.11.1.jar;C:\Users\alan.costa\.m2\repository\org\springframework\spring-webmvc\6.0.10\spring-webmvc-6.0.10.jar;C:\Users\alan.costa\.m2\repository\org\springframework\spring-expression\6.0.10\spring-expression-6.0.10.jar;C:\Users\alan.costa\.m2\repository\org\apache\httpcomponents\client5\httpclient5\5.2.1\httpclient5-5.2.1.jar;C:\Users\alan.costa\.m2\repository\org\apache\httpcomponents\core5\httpcore5\5.2.2\httpcore5-5.2.2.jar;C:\Users\alan.costa\.m2\repository\org\apache\httpcomponents\core5\httpcore5-h2\5.2.2\httpcore5-h2-5.2.2.jar;C:\Users\alan.costa\.m2\repository\org\slf4j\slf4j-api\2.0.7\slf4j-api-2.0.7.jar;C:\Users\alan.costa\.m2\repository\com\google\code\gson\gson\2.10.1\gson-2.10.1.jar;C:\Users\alan.costa\.m2\repository\org\springframework\boot\spring-boot-devtools\3.1.1\spring-boot-devtools-3.1.1.jar;C:\Users\alan.costa\.m2\repository\org\springframework\boot\spring-boot\3.1.1\spring-boot-3.1.1.jar;C:\Users\alan.costa\.m2\repository\org\springframework\boot\spring-boot-autoconfigure\3.1.1\spring-boot-autoconfigure-3.1.1.jar;C:\Users\alan.costa\.m2\repository\org\springframework\boot\spring-boot-starter-thymeleaf\3.1.1\spring-boot-starter-thymeleaf-3.1.1.jar;C:\Users\alan.costa\.m2\repository\org\thymeleaf\thymeleaf-spring6\3.1.1.RELEASE\thymeleaf-spring6-3.1.1.RELEASE.jar;C:\Users\alan.costa\.m2\repository\org\thymeleaf\thymeleaf\3.1.1.RELEASE\thymeleaf-3.1.1.RELEASE.jar;C:\Users\alan.costa\.m2\repository\org\attoparser\attoparser\2.0.6.RELEASE\attoparser-2.0.6.RELEASE.jar;C:\Users\alan.costa\.m2\repository\org\unbescape\unbescape\1.1.6.RELEASE\unbescape-1.1.6.RELEASE.jar;C:\Users\alan.costa\.m2\repository\org\modelmapper\modelmapper\3.1.0\modelmapper-3.1.0.jar;C:\Users\alan.costa\.m2\repository\org\postgresql\postgresql\42.6.0\postgresql-42.6.0.jar;C:\Users\alan.costa\.m2\repository\org\checkerframework\checker-qual\3.31.0\checker-qual-3.31.0.jar;C:\Users\alan.costa\.m2\repository\org\projectlombok\lombok\1.18.28\lombok-1.18.28.jar;C:\Users\alan.costa\.m2\repository\org\springframework\boot\spring-boot-starter-security\3.1.1\spring-boot-starter-security-3.1.1.jar;C:\Users\alan.costa\.m2\repository\org\springframework\spring-aop\6.0.10\spring-aop-6.0.10.jar;C:\Users\alan.costa\.m2\repository\org\springframework\security\spring-security-config\6.1.1\spring-security-config-6.1.1.jar;C:\Users\alan.costa\.m2\repository\org\springframework\security\spring-security-core\6.1.1\spring-security-core-6.1.1.jar;C:\Users\alan.costa\.m2\repository\org\springframework\security\spring-security-crypto\6.1.1\spring-security-crypto-6.1.1.jar;C:\Users\alan.costa\.m2\repository\org\springframework\security\spring-security-web\6.1.1\spring-security-web-6.1.1.jar;C:\Users\alan.costa\.m2\repository\jakarta\xml\bind\jakarta.xml.bind-api\4.0.0\jakarta.xml.bind-api-4.0.0.jar;C:\Users\alan.costa\.m2\repository\jakarta\activation\jakarta.activation-api\2.1.2\jakarta.activation-api-2.1.2.jar;C:\Users\alan.costa\.m2\repository\org\springframework\spring-core\6.0.10\spring-core-6.0.10.jar;C:\Users\alan.costa\.m2\repository\org\springframework\spring-jcl\6.0.10\spring-jcl-6.0.10.jar
Launcher Type: SUN_STANDARD

[Global flags]
     intx CICompilerCount                          = 3                                         {product} {ergonomic}
     uint ConcGCThreads                            = 1                                         {product} {ergonomic}
     uint G1ConcRefinementThreads                  = 4                                         {product} {ergonomic}
   size_t G1HeapRegionSize                         = 2097152                                   {product} {ergonomic}
    uintx GCDrainStackTargetSize                   = 64                                        {product} {ergonomic}
   size_t InitialHeapSize                          = 268435456                                 {product} {ergonomic}
   size_t MarkStackSize                            = 4194304                                   {product} {ergonomic}
   size_t MaxHeapSize                              = 4267704320                                {product} {ergonomic}
   size_t MaxNewSize                               = 2560622592                                {product} {ergonomic}
   size_t MinHeapDeltaBytes                        = 2097152                                   {product} {ergonomic}
   size_t MinHeapSize                              = 8388608                                   {product} {ergonomic}
    uintx NonNMethodCodeHeapSize                   = 5832780                                {pd product} {ergonomic}
    uintx NonProfiledCodeHeapSize                  = 122912730                              {pd product} {ergonomic}
    uintx ProfiledCodeHeapSize                     = 122912730                              {pd product} {ergonomic}
    uintx ReservedCodeCacheSize                    = 251658240                              {pd product} {ergonomic}
     bool SegmentedCodeCache                       = true                                      {product} {ergonomic}
     bool ShowCodeDetailsInExceptionMessages       = true                                   {manageable} {command line}
   size_t SoftMaxHeapSize                          = 4267704320                             {manageable} {ergonomic}
     bool UseCompressedClassPointers               = true                           {product lp64_product} {ergonomic}
     bool UseCompressedOops                        = true                           {product lp64_product} {ergonomic}
     bool UseG1GC                                  = true                                      {product} {ergonomic}
     bool UseLargePagesIndividualAllocation        = false                                  {pd product} {ergonomic}

Logging:
Log output configuration:
 #0: stdout all=warning uptime,level,tags foldmultilines=false
 #1: stderr all=off uptime,level,tags foldmultilines=false

Environment Variables:
JAVA_HOME=C:\Program Files\Java\jdk-20.0.1
PATH=C:/Users/alan.costa/.p2/pool/plugins/org.eclipse.justj.openjdk.hotspot.jre.full.win32.x86_64_17.0.6.v20230204-1729/jre/bin/server;C:/Users/alan.costa/.p2/pool/plugins/org.eclipse.justj.openjdk.hotspot.jre.full.win32.x86_64_17.0.6.v20230204-1729/jre/bin;C:\Program Files\Java\jdk-20.0.1\bin;C:\Program Files (x86)\Common Files\Oracle\Java\javapath;C:\Python311\Scripts\;C:\Python311\;C:\Program Files\Eclipse Adoptium\jdk-11.0.19.7-hotspot\bin;C:\Program Files\Java\jdk1.8.0_361\bin;C:\Program Files\nodejs\;C:\Windows\system32;C:\Windows;C:\Windows\System32\Wbem;C:\Windows\System32\WindowsPowerShell\v1.0\;C:\Windows\System32\OpenSSH\;C:\Program Files\dotnet\;C:\Program Files (x86)\Intel\Intel(R) Management Engine Components\DAL;C:\Program Files\Intel\Intel(R) Management Engine Components\DAL;C:\Program Files (x86)\NVIDIA Corporation\PhysX\Common;C:\Program Files\NVIDIA Corporation\NVIDIA NvDLISR;C:\Program Files (x86)\Microsoft SQL Server\160\DTS\Binn\;C:\Program Files\Azure Data Studio\bin;C:\WINDOWS\system32;C:\WINDOWS;C:\WINDOWS\System32\Wbem;C:\WINDOWS\System32\WindowsPowerShell\v1.0\;C:\WINDOWS\System32\OpenSSH\;C:\ProgramData\chocolatey\bin;C:\Users\alan.costa\AppData\Local\Microsoft\WindowsApps;C:\Users\alan.costa\AppData\Local\GitHubDesktop\bin;C:\Program Files\PostgreSQL\15\bin;;C:\Users\alan.costa\AppData\Local\Programs\Microsoft VS Code\bin;C:\Users\alan.costa\AppData\Roaming\npm;C:\Users\alan.costa\Desktop;
USERNAME=alan.costa
OS=Windows_NT
PROCESSOR_IDENTIFIER=Intel64 Family 6 Model 78 Stepping 3, GenuineIntel
TMP=C:\Users\ALAN~1.COS\AppData\Local\Temp
TEMP=C:\Users\ALAN~1.COS\AppData\Local\Temp




---------------  S Y S T E M  ---------------

OS:
 Windows 11 , 64 bit Build 22621 (10.0.22621.1928)
OS uptime: 4 days 9:39 hours
Hyper-V role detected

CPU: total 4 (initial active 4) (2 cores per cpu, 2 threads per core) family 6 model 78 stepping 3 microcode 0xdc, cx8, cmov, fxsr, ht, mmx, 3dnowpref, sse, sse2, sse3, ssse3, sse4.1, sse4.2, popcnt, lzcnt, tsc, tscinvbit, avx, avx2, aes, erms, clmul, bmi1, bmi2, adx, fma, vzeroupper, clflush, clflushopt, hv, rdtscp, f16c

Memory: 4k page, system-wide physical 16275M (5844M free)
TotalPageFile size 18707M (AvailPageFile size 4193M)
current process WorkingSet (physical memory assigned to process): 320M, peak: 357M
current process commit charge ("private bytes"): 349M, peak: 430M

vm_info: OpenJDK 64-Bit Server VM (20.0.1+9-29) for windows-amd64 JRE (20.0.1+9-29), built on 2023-03-07T13:56:11Z by "mach5one" with MS VC++ 17.1 (VS2022)

END.
