#
# A fatal error has been detected by the Java Runtime Environment:
#
#  EXCEPTION_ACCESS_VIOLATION (0xc0000005) at pc=0x00000209ea793424, pid=23368, tid=6888
#
# JRE version: OpenJDK Runtime Environment (20.0.1+9) (build 20.0.1+9-29)
# Java VM: OpenJDK 64-Bit Server VM (20.0.1+9-29, mixed mode, sharing, tiered, compressed oops, compressed class ptrs, g1 gc, windows-amd64)
# Problematic frame:
# v  ~BufferBlob::MethodHandles adapters 0x00000209ea793424
#
# No core dump will be written. Minidumps are not enabled by default on client versions of Windows
#
# If you would like to submit a bug report, please visit:
#   https://bugreport.java.com/bugreport/crash.jsp
#

---------------  S U M M A R Y ------------

Command Line: -XX:+ShowCodeDetailsInExceptionMessages -agentlib:jdwp=transport=dt_socket,suspend=y,address=localhost:51533 -javaagent:C:\Users\alan.costa\eclipse\java-2023-03\eclipse\configuration\org.eclipse.osgi\756\0\.cp\lib\javaagent-shaded.jar -Dfile.encoding=UTF-8 com.br.Ad.Ad.AdApplication

Host: Intel(R) Core(TM) i5-6200U CPU @ 2.30GHz, 4 cores, 15G,  Windows 11 , 64 bit Build 22621 (10.0.22621.1928)
Time: Wed Jul 26 14:50:08 2023 Hora oficial do Brasil elapsed time: 7753.817022 seconds (0d 2h 9m 13s)

---------------  T H R E A D  ---------------

Current thread (0x0000020984776030):  JavaThread "http-nio-8080-exec-5" daemon [_thread_in_Java, id=6888, stack(0x0000009e00f00000,0x0000009e01000000)]

Stack: [0x0000009e00f00000,0x0000009e01000000],  sp=0x0000009e00ffb508,  free space=1005k
Native frames: (J=compiled Java code, j=interpreted, Vv=VM code, C=native code)
C  0x00000209ea793424


siginfo: EXCEPTION_ACCESS_VIOLATION (0xc0000005), reading address 0xffffffffffffffff


Registers:
RAX=0x00000209ea75ecca, RBX=0x0000000704570b80, RCX=0x0000009e00ffb510, RDX=0x0000000000000002
RSP=0x0000009e00ffb508, RBP=0x0000009e00ffb558, RSI=0x00000209845412f8, RDI=0x00000209847308a0
R8 =0x0000000000000004, R9 =0x0000000000000004, R10=0x000000080071f45a, R11=0xe0883261e08a2743
R12=0x0000000000000000, R13=0x0000009e00ffb508, R14=0x0000009e00ffb578, R15=0x0000020984776030
RIP=0x00000209ea793424, EFLAGS=0x0000000000010206


Register to memory mapping:

RIP=0x00000209ea793424 is at begin+65 in a stub
MethodHandle::interpreter_entry::_linkToVirtual [0x00000209ea7933e3, 0x00000209ea79344a] (103 bytes)
RAX=0x00000209ea75ecca is at code_begin+4554 in an Interpreter codelet
return entry points  [0x00000209ea75db00, 0x00000209ea75fb38]  8248 bytes
RBX=0x0000000704570b80 is an oop: com.br.Ad.Ad.controller.PedidoController 
{0x0000000704570b80} - klass: 'com/br/Ad/Ad/controller/PedidoController'
 - ---- fields (total size 5 words):
 - final 'pedidoService' 'Lcom/br/Ad/Ad/services/PedidoService;' @12  a 'com/br/Ad/Ad/services/PedidoService$$SpringCGLIB$$0'{0x0000000704570ba8} (0xe08ae175)
 - final 'produtoService' 'Lcom/br/Ad/Ad/services/ProdutoService;' @16  a 'com/br/Ad/Ad/services/ProdutoService$$SpringCGLIB$$0'{0x0000000704513a18} (0xe08a2743)
 - final 'clienteService' 'Lcom/br/Ad/Ad/services/ClienteService;' @20  a 'com/br/Ad/Ad/services/ClienteService$$SpringCGLIB$$0'{0x0000000704419308} (0xe0883261)
 - final 'userDetailsServiceImpl' 'Lcom/br/Ad/Ad/configs/UserDetailsServiceImpl;' @24  a 'com/br/Ad/Ad/configs/UserDetailsServiceImpl$$SpringCGLIB$$0'{0x0000000703ad8e08} (0xe075b1c1)
 - final 'itemPedidoService' 'Lcom/br/Ad/Ad/services/ItemPedidoService;' @28  a 'com/br/Ad/Ad/services/ItemPedidoService'{0x00000007045711a0} (0xe08ae234)
 - final 'enderecoService' 'Lcom/br/Ad/Ad/services/EnderecoService;' @32  a 'com/br/Ad/Ad/services/EnderecoService$$SpringCGLIB$$0'{0x000000070440b028} (0xe0881605)
RCX=0x0000009e00ffb510 is pointing into the stack for thread: 0x0000020984776030
RDX=0x0000000000000002 is an unknown value
RSP=0x0000009e00ffb508 is pointing into the stack for thread: 0x0000020984776030
RBP=0x0000009e00ffb558 is pointing into the stack for thread: 0x0000020984776030
RSI=0x00000209845412f8 points into unknown readable memory: 0x88002700d7195ea0 | a0 5e 19 d7 00 27 00 88
RDI=0x00000209847308a0 points into unknown readable memory: 0x0000001800000040 | 40 00 00 00 18 00 00 00
R8 =0x0000000000000004 is an unknown value
R9 =0x0000000000000004 is an unknown value
R10=0x000000080071f45a is pointing into metadata
R11=0xe0883261e08a2743 is an unknown value
R12=0x0 is NULL
R13=0x0000009e00ffb508 is pointing into the stack for thread: 0x0000020984776030
R14=0x0000009e00ffb578 is pointing into the stack for thread: 0x0000020984776030
R15=0x0000020984776030 is a thread


Top of Stack: (sp=0x0000009e00ffb508)
0x0000009e00ffb508:   00000209ea75ecca 0000009e00ffb510
0x0000009e00ffb518:   000000080071f45a 0000009e00ffb578
0x0000009e00ffb528:   00000008000b3b10 00000209fcbb6770
0x0000009e00ffb538:   0000000701f61da0 00000008000b6658
0x0000009e00ffb548:   0000009e00ffb508 0000009e00ffb580
0x0000009e00ffb558:   0000000704338aa0 00000209eb4fae04
0x0000009e00ffb568:   0000000704338b08 0000000704570b80
0x0000009e00ffb578:   0000000704338aa0 0000000704570b80
0x0000009e00ffb588:   0000000704338a78 0000000704338b50
0x0000009e00ffb598:   0000000704570b80 00000209eb4fad48
0x0000009e00ffb5a8:   0000000706bf6ba0 0000000704338a78
0x0000009e00ffb5b8:   00000209eb327a39 00000007029da0c0
0x0000009e00ffb5c8:   0000000000000000 0000009e00ffb630
0x0000009e00ffb5d8:   00000209ea75e7de 0000000704338a58
0x0000009e00ffb5e8:   0000000704570b80 00000007035ce540
0x0000009e00ffb5f8:   0000000000000000 0000000704338a58
0x0000009e00ffb608:   0000000704570b80 0000009e00ffb680
0x0000009e00ffb618:   00000209ea75f4c2 00000209ea75f4c2
0x0000009e00ffb628:   0000000706bf6ba0 0000000706bf6a70
0x0000009e00ffb638:   00007ffd809d9c42 0000000704570b80
0x0000009e00ffb648:   00000007035ce540 0000000703aa82b8
0x0000009e00ffb658:   000000070341bd30 0000000704570b80
0x0000009e00ffb668:   0000009e00ffb668 00000209fe397008
0x0000009e00ffb678:   0000009e00ffb6c0 00000209fe48c640
0x0000009e00ffb688:   0000000000000000 0000000702bd9370
0x0000009e00ffb698:   00000209eb325554 0000009e00ffb718
0x0000009e00ffb6a8:   00000209ea75ecca 00000209ea75ecca
0x0000009e00ffb6b8:   00000007035ce540 0000000704570b80
0x0000009e00ffb6c8:   0000000703aa82b8 0000009e00ffb6d0
0x0000009e00ffb6d8:   00000209fe398595 0000009e00ffb760
0x0000009e00ffb6e8:   00000209894f97b0 0000000000000000
0x0000009e00ffb6f8:   000000070341bd30 00000209fe3986e8 

Instructions: (pc=0x00000209ea793424)
0x00000209ea793324:   09 02 00 00 80 33 79 ea 09 02 00 00 00 44 79 ea
0x00000209ea793334:   09 02 00 00 70 33 79 ea 09 02 00 00 70 33 79 ea
0x00000209ea793344:   09 02 00 00 00 00 00 00 00 00 00 00 18 26 da 80
0x00000209ea793354:   fd 7f 00 00 f0 10 00 00 60 00 00 00 ff ff ff ff
0x00000209ea793364:   f0 10 00 00 00 00 00 00 00 00 00 00 00 00 00 00
0x00000209ea793374:   00 00 00 00 00 00 00 00 00 00 00 00 f4 66 66 66
0x00000209ea793384:   0f 1f 84 00 00 00 00 00 66 66 66 90 66 66 66 0f
0x00000209ea793394:   1f 84 00 00 00 00 00 66 66 66 90 90 48 8b 53 08
0x00000209ea7933a4:   0f b7 52 2c 48 8b 0c d4 8b 59 14 48 c1 e3 03 8b
0x00000209ea7933b4:   5b 28 48 c1 e3 03 8b 5b 24 48 c1 e3 03 48 8b 5b
0x00000209ea7933c4:   10 48 85 db 0f 84 10 00 00 00 41 80 bf 08 05 00
0x00000209ea7933d4:   00 00 74 03 ff 63 38 ff 63 50 e9 9d 16 00 00 66
0x00000209ea7933e4:   66 66 0f 1f 84 00 00 00 00 00 66 66 66 90 66 66
0x00000209ea7933f4:   0f 1f 84 00 00 00 00 00 66 66 66 90 48 8b 53 08
0x00000209ea793404:   0f b7 52 2c 48 8b 0c d4 58 5b 50 44 8b 51 08 49
0x00000209ea793414:   bb 00 00 00 00 08 00 00 00 4d 03 d3 4c 8b 5b 10
0x00000209ea793424:   4b 8b 9c da c0 01 00 00 48 85 db 0f 84 10 00 00
0x00000209ea793434:   00 41 80 bf 08 05 00 00 00 74 03 ff 63 38 ff 63
0x00000209ea793444:   50 e9 36 16 00 00 66 66 66 0f 1f 84 00 00 00 00
0x00000209ea793454:   00 66 66 66 90 0f 1f 80 00 00 00 00 58 5b 50 8b
0x00000209ea793464:   5b 24 48 c1 e3 03 48 8b 5b 10 48 85 db 0f 84 10
0x00000209ea793474:   00 00 00 41 80 bf 08 05 00 00 00 74 03 ff 63 38
0x00000209ea793484:   ff 63 50 e9 f4 15 00 00 66 66 66 0f 1f 84 00 00
0x00000209ea793494:   00 00 00 66 66 66 90 0f 1f 44 00 00 48 8b 53 08
0x00000209ea7934a4:   0f b7 52 2c 48 8b 0c d4 58 5b 50 48 3b 01 8b 5b
0x00000209ea7934b4:   24 48 c1 e3 03 48 8b 5b 10 48 85 db 0f 84 10 00
0x00000209ea7934c4:   00 00 41 80 bf 08 05 00 00 00 74 03 ff 63 38 ff
0x00000209ea7934d4:   63 50 e9 a5 15 00 00 0f 1f 44 00 00 48 8b 53 08
0x00000209ea7934e4:   0f b7 52 2c 48 8b 0c d4 58 5b 50 44 8b 51 08 49
0x00000209ea7934f4:   bb 00 00 00 00 08 00 00 00 4d 03 d3 8b 43 18 48
0x00000209ea793504:   c1 e0 03 48 8b 40 10 48 8b 5b 10 45 8b 9a a0 00
0x00000209ea793514:   00 00 4f 8d 9c da c0 01 00 00 4d 8d 14 da 49 8b 


Stack slot to memory mapping:
stack at sp + 0 slots: 0x00000209ea75ecca is at code_begin+4554 in an Interpreter codelet
return entry points  [0x00000209ea75db00, 0x00000209ea75fb38]  8248 bytes
stack at sp + 1 slots: 0x0000009e00ffb510 is pointing into the stack for thread: 0x0000020984776030
stack at sp + 2 slots: 0x000000080071f45a is pointing into metadata
stack at sp + 3 slots: 0x0000009e00ffb578 is pointing into the stack for thread: 0x0000020984776030
stack at sp + 4 slots: 0x00000008000b3b10 is pointing into metadata
stack at sp + 5 slots: 0x00000209fcbb6770 is pointing into metadata
stack at sp + 6 slots: 0x0000000701f61da0 is an oop: java.lang.Class 
{0x0000000701f61da0} - klass: 'java/lang/Class'
 - ---- fields (total size 14 words):
 - private volatile transient 'classRedefinedCount' 'I' @12  0 (0x00000000)
 - abstract internal 'klass' 'J' @16  34360473320 (0x00000008000b36e8)
 - abstract internal 'array_klass' 'J' @24  0 (0x0000000000000000)
 - abstract internal 'oop_size' 'I' @32  14 (0x0000000e)
 - abstract internal 'static_oop_field_count' 'I' @36  0 (0x00000000)
 - private volatile transient 'cachedConstructor' 'Ljava/lang/reflect/Constructor;' @40  NULL (0x00000000)
 - private transient 'name' 'Ljava/lang/String;' @44  NULL (0x00000000)
 - private transient 'module' 'Ljava/lang/Module;' @48  a 'java/lang/Module'{0x0000000701f66c28} (0xe03ecd85)
 - private final 'classLoader' 'Ljava/lang/ClassLoader;' @52  NULL (0x00000000)
 - private transient 'classData' 'Ljava/lang/Object;' @56  NULL (0x00000000)
 - private transient 'packageName' 'Ljava/lang/String;' @60  NULL (0x00000000)
 - private final 'componentType' 'Ljava/lang/Class;' @64  NULL (0x00000000)
 - private volatile transient 'reflectionData' 'Ljava/lang/ref/SoftReference;' @68  NULL (0x00000000)
 - private volatile transient 'genericInfo' 'Lsun/reflect/generics/repository/ClassRepository;' @72  NULL (0x00000000)
 - private volatile transient 'enumConstants' '[Ljava/lang/Object;' @76  NULL (0x00000000)
 - private volatile transient 'enumConstantDirectory' 'Ljava/util/Map;' @80  NULL (0x00000000)
 - private volatile transient 'annotationData' 'Ljava/lang/Class$AnnotationData;' @84  NULL (0x00000000)
 - private volatile transient 'annotationType' 'Lsun/reflect/annotation/AnnotationType;' @88  NULL (0x00000000)
 - transient 'classValueMap' 'Ljava/lang/ClassValue$ClassValueMap;' @92  NULL (0x00000000)
 - abstract internal 'protection_domain' 'Ljava/lang/Object;' @96  NULL (0x00000000)
 - abstract internal 'signers_name' 'Ljava/lang/Object;' @100  NULL (0x00000000)
 - abstract internal 'source_file' 'Ljava/lang/Object;' @104  NULL (0x00000000)
 - signature: Ljava/lang/invoke/DirectMethodHandle$Holder;
 - ---- static fields (0):
stack at sp + 7 slots: {method} {0x00000008000b6660} 'invokeVirtual' '(Ljava/lang/Object;Ljava/lang/Object;)Ljava/lang/Object;' in 'java/lang/invoke/DirectMethodHandle$Holder'

MethodHandle::interpreter_entry::_linkToVirtual [0x00000209ea7933e3, 0x00000209ea79344a] (103 bytes)
[MachCode]
  0x00000209ea7933e3: 6666 660f | 1f84 0000 | 0000 0066 | 6666 9066 | 660f 1f84 | 0000 0000 | 0066 6666 | 9048 8b53 
  0x00000209ea793403: 080f b752 | 2c48 8b0c | d458 5b50 | 448b 5108 | 49bb 0000 | 0000 0800 | 0000 4d03 | d34c 8b5b 
  0x00000209ea793423: 104b 8b9c | dac0 0100 | 0048 85db | 0f84 1000 | 0000 4180 | bf08 0500 | 0000 7403 | ff63 38ff 
  0x00000209ea793443: 6350 e936 | 
[/MachCode]

---------------  P R O C E S S  ---------------

Threads class SMR info:
_java_thread_list=0x0000020982afcb60, length=33, elements={
0x00000209fa5da150, 0x00000209fa5dae30, 0x00000209fa5df050, 0x00000209fa5e0020,
0x00000209fa5e3450, 0x00000209fa5e4660, 0x00000209fa5efaa0, 0x00000209fa5f1900,
0x00000209fe8ed1d0, 0x00000209fea5f520, 0x00000209fe9d2090, 0x00000209fe9d25f0,
0x00000209ff254050, 0x0000020980b77af0, 0x0000020980b7a570, 0x0000020980b745d0,
0x0000020984779aa0, 0x000002098477a540, 0x0000020984778560, 0x0000020984776ad0,
0x0000020984779550, 0x0000020984775ae0, 0x000002098477c520, 0x0000020984775590,
0x0000020984776030, 0x0000020984777ac0, 0x000002098477aa90, 0x0000020984779ff0,
0x0000020984778010, 0x0000020984778ab0, 0x0000020985059560, 0x0000020985056ae0,
0x00000209850545b0
}

Java Threads: ( => current thread )
  0x00000209fa5da150 JavaThread "Reference Handler" daemon [_thread_blocked, id=3036, stack(0x0000009e7d700000,0x0000009e7d800000)]
  0x00000209fa5dae30 JavaThread "Finalizer" daemon [_thread_blocked, id=13796, stack(0x0000009e7d800000,0x0000009e7d900000)]
  0x00000209fa5df050 JavaThread "Signal Dispatcher" daemon [_thread_blocked, id=24800, stack(0x0000009e7d900000,0x0000009e7da00000)]
  0x00000209fa5e0020 JavaThread "Attach Listener" daemon [_thread_blocked, id=20884, stack(0x0000009e7da00000,0x0000009e7db00000)]
  0x00000209fa5e3450 JavaThread "Service Thread" daemon [_thread_blocked, id=17284, stack(0x0000009e7db00000,0x0000009e7dc00000)]
  0x00000209fa5e4660 JavaThread "Monitor Deflation Thread" daemon [_thread_blocked, id=11120, stack(0x0000009e7dc00000,0x0000009e7dd00000)]
  0x00000209fa5efaa0 JavaThread "C2 CompilerThread0" daemon [_thread_blocked, id=20128, stack(0x0000009e7dd00000,0x0000009e7de00000)]
  0x00000209fa5f1900 JavaThread "C1 CompilerThread0" daemon [_thread_blocked, id=25268, stack(0x0000009e7de00000,0x0000009e7df00000)]
  0x00000209fe8ed1d0 JavaThread "Common-Cleaner" daemon [_thread_blocked, id=17716, stack(0x0000009e7df00000,0x0000009e7e000000)]
  0x00000209fea5f520 JavaThread "JDWP Transport Listener: dt_socket" daemon [_thread_blocked, id=22096, stack(0x0000009e7e000000,0x0000009e7e100000)]
  0x00000209fe9d2090 JavaThread "JDWP Event Helper Thread" daemon [_thread_blocked, id=6368, stack(0x0000009e7e100000,0x0000009e7e200000)]
  0x00000209fe9d25f0 JavaThread "JDWP Command Reader" daemon [_thread_in_native, id=16976, stack(0x0000009e7e200000,0x0000009e7e300000)]
  0x00000209ff254050 JavaThread "Notification Thread" daemon [_thread_blocked, id=14988, stack(0x0000009e7e300000,0x0000009e7e400000)]
  0x0000020980b77af0 JavaThread "Live Reload Server" daemon [_thread_in_native, id=8752, stack(0x0000009e7f500000,0x0000009e7f600000)]
  0x0000020980b7a570 JavaThread "DestroyJavaVM" [_thread_blocked, id=7704, stack(0x0000009e7d000000,0x0000009e7d100000)]
  0x0000020980b745d0 JavaThread "PostgreSQL-JDBC-Cleaner" daemon [_thread_blocked, id=18420, stack(0x0000009e00000000,0x0000009e00100000)]
  0x0000020984779aa0 JavaThread "Catalina-utility-1" [_thread_blocked, id=12568, stack(0x0000009e00500000,0x0000009e00600000)]
  0x000002098477a540 JavaThread "Catalina-utility-2" [_thread_blocked, id=21384, stack(0x0000009e00600000,0x0000009e00700000)]
  0x0000020984778560 JavaThread "container-0" [_thread_blocked, id=5412, stack(0x0000009e00700000,0x0000009e00800000)]
  0x0000020984776ad0 JavaThread "HikariPool-6 housekeeper" daemon [_thread_blocked, id=19372, stack(0x0000009e00800000,0x0000009e00900000)]
  0x0000020984779550 JavaThread "http-nio-8080-exec-1" daemon [_thread_blocked, id=21084, stack(0x0000009e00b00000,0x0000009e00c00000)]
  0x0000020984775ae0 JavaThread "http-nio-8080-exec-2" daemon [_thread_blocked, id=19360, stack(0x0000009e00c00000,0x0000009e00d00000)]
  0x000002098477c520 JavaThread "http-nio-8080-exec-3" daemon [_thread_blocked, id=22772, stack(0x0000009e00d00000,0x0000009e00e00000)]
  0x0000020984775590 JavaThread "http-nio-8080-exec-4" daemon [_thread_blocked, id=1188, stack(0x0000009e00e00000,0x0000009e00f00000)]
=>0x0000020984776030 JavaThread "http-nio-8080-exec-5" daemon [_thread_in_Java, id=6888, stack(0x0000009e00f00000,0x0000009e01000000)]
  0x0000020984777ac0 JavaThread "http-nio-8080-exec-6" daemon [_thread_blocked, id=5972, stack(0x0000009e01000000,0x0000009e01100000)]
  0x000002098477aa90 JavaThread "http-nio-8080-exec-7" daemon [_thread_blocked, id=22304, stack(0x0000009e01100000,0x0000009e01200000)]
  0x0000020984779ff0 JavaThread "http-nio-8080-exec-8" daemon [_thread_blocked, id=11840, stack(0x0000009e01200000,0x0000009e01300000)]
  0x0000020984778010 JavaThread "http-nio-8080-exec-9" daemon [_thread_blocked, id=18076, stack(0x0000009e01300000,0x0000009e01400000)]
  0x0000020984778ab0 JavaThread "http-nio-8080-exec-10" daemon [_thread_blocked, id=20384, stack(0x0000009e01400000,0x0000009e01500000)]
  0x0000020985059560 JavaThread "http-nio-8080-Poller" daemon [_thread_in_native, id=16956, stack(0x0000009e01500000,0x0000009e01600000)]
  0x0000020985056ae0 JavaThread "http-nio-8080-Acceptor" daemon [_thread_in_native, id=7692, stack(0x0000009e01600000,0x0000009e01700000)]
  0x00000209850545b0 JavaThread "Thread-23" [_thread_in_native, id=2152, stack(0x0000009e00100000,0x0000009e00200000)]

Other Threads:
  0x00000209fa5bace0 VMThread "VM Thread" [stack: 0x0000009e7d600000,0x0000009e7d700000] [id=18804]
  0x00000209ff2b10f0 WatcherThread "VM Periodic Task Thread" [stack: 0x0000009e7e400000,0x0000009e7e500000] [id=10772]
  0x00000209d9066470 WorkerThread "GC Thread#0" [stack: 0x0000009e7d100000,0x0000009e7d200000] [id=15516]
  0x00000209ff33c4d0 WorkerThread "GC Thread#1" [stack: 0x0000009e7e500000,0x0000009e7e600000] [id=24308]
  0x00000209d8ff7a00 WorkerThread "GC Thread#2" [stack: 0x0000009e7e600000,0x0000009e7e700000] [id=14940]
  0x00000209ff01e100 WorkerThread "GC Thread#3" [stack: 0x0000009e7e700000,0x0000009e7e800000] [id=23032]
  0x00000209d90771d0 ConcurrentGCThread "G1 Main Marker" [stack: 0x0000009e7d200000,0x0000009e7d300000] [id=18176]
  0x00000209d90786a0 WorkerThread "G1 Conc#0" [stack: 0x0000009e7d300000,0x0000009e7d400000] [id=17852]
  0x00000209fa468160 ConcurrentGCThread "G1 Refine#0" [stack: 0x0000009e7d400000,0x0000009e7d500000] [id=15408]
  0x00000209fa468c00 ConcurrentGCThread "G1 Service" [stack: 0x0000009e7d500000,0x0000009e7d600000] [id=19412]

Threads with active compile tasks:

VM state: not at safepoint (normal execution)

VM Mutex/Monitor currently owned by a thread: None

Heap address: 0x0000000701a00000, size: 4070 MB, Compressed Oops mode: Zero based, Oop shift amount: 3

CDS archive(s) mapped at: [0x0000000800000000-0x0000000800c60000-0x0000000800c60000), size 12976128, SharedBaseAddress: 0x0000000800000000, ArchiveRelocationMode: 0.
Compressed class space mapped at: 0x0000000801000000-0x0000000841000000, reserved size: 1073741824
Narrow klass base: 0x0000000800000000, Narrow klass shift: 0, Narrow klass range: 0x100000000

GC Precious Log:
 CardTable entry size: 512
 Card Set container configuration: InlinePtr #cards 4 size 8 Array Of Cards #cards 16 size 48 Howl #buckets 8 coarsen threshold 3686 Howl Bitmap #cards 512 size 80 coarsen threshold 460 Card regions per heap region 1 cards per card region 4096
 CPUs: 4 total, 4 available
 Memory: 16275M
 Large Page Support: Disabled
 NUMA Support: Disabled
 Compressed Oops: Enabled (Zero based)
 Heap Region Size: 2M
 Heap Min Capacity: 8M
 Heap Initial Capacity: 256M
 Heap Max Capacity: 4070M
 Pre-touch: Disabled
 Parallel Workers: 4
 Concurrent Workers: 1
 Concurrent Refinement Workers: 4
 Periodic GC: Disabled

Heap:
 garbage-first heap   total 102400K, used 80141K [0x0000000701a00000, 0x0000000800000000)
  region size 2048K, 22 young (45056K), 1 survivors (2048K)
 Metaspace       used 90386K, committed 91072K, reserved 1179648K
  class space    used 11226K, committed 11584K, reserved 1048576K

Heap Regions: E=young(eden), S=young(survivor), O=old, HS=humongous(starts), HC=humongous(continues), CS=collection set, F=free, OA=open archive, CA=closed archive, TAMS=top-at-mark-start, PB=parsable bottom
|   0|0x0000000701a00000, 0x0000000701bfffe0, 0x0000000701c00000| 99%| O|  |TAMS 0x0000000701a00000| PB 0x0000000701a00000| Untracked 
|   1|0x0000000701c00000, 0x0000000701e00000, 0x0000000701e00000|100%| O|  |TAMS 0x0000000701c00000| PB 0x0000000701c00000| Untracked 
|   2|0x0000000701e00000, 0x0000000701fffc78, 0x0000000702000000| 99%| O|  |TAMS 0x0000000701e00000| PB 0x0000000701e00000| Untracked 
|   3|0x0000000702000000, 0x00000007021fffe8, 0x0000000702200000| 99%| O|  |TAMS 0x0000000702000000| PB 0x0000000702000000| Untracked 
|   4|0x0000000702200000, 0x00000007023fffd0, 0x0000000702400000| 99%| O|  |TAMS 0x0000000702200000| PB 0x0000000702200000| Untracked 
|   5|0x0000000702400000, 0x00000007025ffff8, 0x0000000702600000| 99%| O|  |TAMS 0x0000000702400000| PB 0x0000000702400000| Untracked 
|   6|0x0000000702600000, 0x0000000702800000, 0x0000000702800000|100%| O|  |TAMS 0x0000000702600000| PB 0x0000000702600000| Untracked 
|   7|0x0000000702800000, 0x00000007029fff80, 0x0000000702a00000| 99%| O|  |TAMS 0x0000000702800000| PB 0x0000000702800000| Untracked 
|   8|0x0000000702a00000, 0x0000000702c00000, 0x0000000702c00000|100%| O|  |TAMS 0x0000000702a00000| PB 0x0000000702a00000| Untracked 
|   9|0x0000000702c00000, 0x0000000702e00000, 0x0000000702e00000|100%| O|  |TAMS 0x0000000702c00000| PB 0x0000000702c00000| Untracked 
|  10|0x0000000702e00000, 0x0000000703000000, 0x0000000703000000|100%| O|  |TAMS 0x0000000702e00000| PB 0x0000000702e00000| Untracked 
|  11|0x0000000703000000, 0x00000007031ffff8, 0x0000000703200000| 99%| O|  |TAMS 0x0000000703000000| PB 0x0000000703000000| Untracked 
|  12|0x0000000703200000, 0x00000007033fffb0, 0x0000000703400000| 99%| O|  |TAMS 0x0000000703200000| PB 0x0000000703200000| Untracked 
|  13|0x0000000703400000, 0x0000000703600000, 0x0000000703600000|100%| O|  |TAMS 0x0000000703400000| PB 0x0000000703400000| Untracked 
|  14|0x0000000703600000, 0x0000000703600000, 0x0000000703800000|  0%| F|  |TAMS 0x0000000703600000| PB 0x0000000703600000| Untracked 
|  15|0x0000000703800000, 0x00000007039fcb38, 0x0000000703a00000| 99%| O|  |TAMS 0x0000000703800000| PB 0x0000000703800000| Untracked 
|  16|0x0000000703a00000, 0x0000000703c00000, 0x0000000703c00000|100%| O|  |TAMS 0x0000000703a00000| PB 0x0000000703a00000| Untracked 
|  17|0x0000000703c00000, 0x0000000703c00000, 0x0000000703e00000|  0%| F|  |TAMS 0x0000000703c00000| PB 0x0000000703c00000| Untracked 
|  18|0x0000000703e00000, 0x0000000703e00000, 0x0000000704000000|  0%| F|  |TAMS 0x0000000703e00000| PB 0x0000000703e00000| Untracked 
|  19|0x0000000704000000, 0x0000000704200000, 0x0000000704200000|100%| O|  |TAMS 0x0000000704000000| PB 0x0000000704000000| Untracked 
|  20|0x0000000704200000, 0x0000000704400000, 0x0000000704400000|100%| O|  |TAMS 0x0000000704200000| PB 0x0000000704200000| Untracked 
|  21|0x0000000704400000, 0x0000000704600000, 0x0000000704600000|100%| O|  |TAMS 0x0000000704400000| PB 0x0000000704400000| Untracked 
|  22|0x0000000704600000, 0x0000000704633c00, 0x0000000704800000| 10%| O|  |TAMS 0x0000000704600000| PB 0x0000000704600000| Untracked 
|  23|0x0000000704800000, 0x0000000704a00000, 0x0000000704a00000|100%| O|  |TAMS 0x0000000704800000| PB 0x0000000704800000| Untracked 
|  24|0x0000000704a00000, 0x0000000704a00000, 0x0000000704c00000|  0%| F|  |TAMS 0x0000000704a00000| PB 0x0000000704a00000| Untracked 
|  25|0x0000000704c00000, 0x0000000704c00000, 0x0000000704e00000|  0%| F|  |TAMS 0x0000000704c00000| PB 0x0000000704c00000| Untracked 
|  26|0x0000000704e00000, 0x0000000704e00000, 0x0000000705000000|  0%| F|  |TAMS 0x0000000704e00000| PB 0x0000000704e00000| Untracked 
|  27|0x0000000705000000, 0x0000000705013560, 0x0000000705200000|  3%| S|CS|TAMS 0x0000000705000000| PB 0x0000000705000000| Complete 
|  28|0x0000000705200000, 0x0000000705200000, 0x0000000705400000|  0%| F|  |TAMS 0x0000000705200000| PB 0x0000000705200000| Untracked 
|  29|0x0000000705400000, 0x00000007055fca48, 0x0000000705600000| 99%| E|  |TAMS 0x0000000705400000| PB 0x0000000705400000| Complete 
|  30|0x0000000705600000, 0x0000000705800000, 0x0000000705800000|100%| E|CS|TAMS 0x0000000705600000| PB 0x0000000705600000| Complete 
|  31|0x0000000705800000, 0x0000000705a00000, 0x0000000705a00000|100%| E|CS|TAMS 0x0000000705800000| PB 0x0000000705800000| Complete 
|  32|0x0000000705a00000, 0x0000000705c00000, 0x0000000705c00000|100%| E|CS|TAMS 0x0000000705a00000| PB 0x0000000705a00000| Complete 
|  33|0x0000000705c00000, 0x0000000705e00000, 0x0000000705e00000|100%| E|CS|TAMS 0x0000000705c00000| PB 0x0000000705c00000| Complete 
|  34|0x0000000705e00000, 0x0000000706000000, 0x0000000706000000|100%| E|CS|TAMS 0x0000000705e00000| PB 0x0000000705e00000| Complete 
|  35|0x0000000706000000, 0x0000000706200000, 0x0000000706200000|100%| E|CS|TAMS 0x0000000706000000| PB 0x0000000706000000| Complete 
|  36|0x0000000706200000, 0x0000000706400000, 0x0000000706400000|100%| E|CS|TAMS 0x0000000706200000| PB 0x0000000706200000| Complete 
|  37|0x0000000706400000, 0x0000000706600000, 0x0000000706600000|100%| E|CS|TAMS 0x0000000706400000| PB 0x0000000706400000| Complete 
|  38|0x0000000706600000, 0x0000000706800000, 0x0000000706800000|100%| E|CS|TAMS 0x0000000706600000| PB 0x0000000706600000| Complete 
|  39|0x0000000706800000, 0x0000000706a00000, 0x0000000706a00000|100%| E|CS|TAMS 0x0000000706800000| PB 0x0000000706800000| Complete 
|  40|0x0000000706a00000, 0x0000000706c00000, 0x0000000706c00000|100%| E|CS|TAMS 0x0000000706a00000| PB 0x0000000706a00000| Complete 
|  41|0x0000000706c00000, 0x0000000706e00000, 0x0000000706e00000|100%| E|CS|TAMS 0x0000000706c00000| PB 0x0000000706c00000| Complete 
|  42|0x0000000706e00000, 0x0000000707000000, 0x0000000707000000|100%| E|CS|TAMS 0x0000000706e00000| PB 0x0000000706e00000| Complete 
|  43|0x0000000707000000, 0x0000000707200000, 0x0000000707200000|100%| E|CS|TAMS 0x0000000707000000| PB 0x0000000707000000| Complete 
|  44|0x0000000707200000, 0x0000000707400000, 0x0000000707400000|100%| E|  |TAMS 0x0000000707200000| PB 0x0000000707200000| Complete 
|  45|0x0000000707400000, 0x0000000707600000, 0x0000000707600000|100%| E|CS|TAMS 0x0000000707400000| PB 0x0000000707400000| Complete 
|  46|0x0000000707600000, 0x0000000707800000, 0x0000000707800000|100%| E|CS|TAMS 0x0000000707600000| PB 0x0000000707600000| Complete 
|  47|0x0000000707800000, 0x0000000707a00000, 0x0000000707a00000|100%| E|CS|TAMS 0x0000000707800000| PB 0x0000000707800000| Complete 
|  48|0x0000000707a00000, 0x0000000707c00000, 0x0000000707c00000|100%| E|CS|TAMS 0x0000000707a00000| PB 0x0000000707a00000| Complete 
|  49|0x0000000707c00000, 0x0000000707e00000, 0x0000000707e00000|100%| E|CS|TAMS 0x0000000707c00000| PB 0x0000000707c00000| Complete 

Card table byte_map: [0x00000209f3030000,0x00000209f3830000] _byte_map_base: 0x00000209ef823000

Marking Bits: (CMBitMap*) 0x00000209d9066aa0
 Bits: [0x00000209f4030000, 0x00000209f7fc8000)

Polling page: 0x00000209d8ec0000

Metaspace:

Usage:
  Non-class:     77.31 MB used.
      Class:     10.96 MB used.
       Both:     88.27 MB used.

Virtual space:
  Non-class space:      128.00 MB reserved,      77.62 MB ( 61%) committed,  2 nodes.
      Class space:        1.00 GB reserved,      11.31 MB (  1%) committed,  1 nodes.
             Both:        1.12 GB reserved,      88.94 MB (  8%) committed. 

Chunk freelists:
   Non-Class:  2.00 MB
       Class:  629.00 KB
        Both:  2.61 MB

MaxMetaspaceSize: unlimited
CompressedClassSpaceSize: 1.00 GB
Initial GC threshold: 21.00 MB
Current GC threshold: 147.94 MB
CDS: on
MetaspaceReclaimPolicy: balanced
 - commit_granule_bytes: 65536.
 - commit_granule_words: 8192.
 - virtual_space_node_default_size: 8388608.
 - enlarge_chunks_in_place: 1.
 - new_chunks_are_fully_committed: 0.
 - uncommit_free_chunks: 1.
 - use_allocation_guard: 0.


Internal statistics:

num_allocs_failed_limit: 6.
num_arena_births: 1428.
num_arena_deaths: 488.
num_vsnodes_births: 3.
num_vsnodes_deaths: 0.
num_space_committed: 1423.
num_space_uncommitted: 0.
num_chunks_returned_to_freelist: 586.
num_chunks_taken_from_freelist: 5295.
num_chunk_merges: 131.
num_chunk_splits: 3412.
num_chunks_enlarged: 2543.
num_inconsistent_stats: 0.

CodeHeap 'non-profiled nmethods': size=120000Kb used=9149Kb max_used=9149Kb free=110850Kb
 bounds [0x00000209eace0000, 0x00000209eb5f0000, 0x00000209f2210000]
CodeHeap 'profiled nmethods': size=120000Kb used=20922Kb max_used=22965Kb free=99077Kb
 bounds [0x00000209e3210000, 0x00000209e48d0000, 0x00000209ea740000]
CodeHeap 'non-nmethods': size=5760Kb used=1819Kb max_used=1904Kb free=3940Kb
 bounds [0x00000209ea740000, 0x00000209ea9b0000, 0x00000209eace0000]
 total_blobs=10330 nmethods=9607 adapters=632
 compilation: enabled
              stopped_count=0, restarted_count=0
 full_count=0

Compilation events (20 events):
Event: 7721.378 Thread 0x00000209fa5f1900 nmethod 22159 0x00000209e4733910 code [0x00000209e4733aa0, 0x00000209e4733c80]
Event: 7721.378 Thread 0x00000209fa5f1900 22160       3       java.nio.CharBuffer::rewind (7 bytes)
Event: 7721.378 Thread 0x00000209fa5f1900 nmethod 22160 0x00000209e3c42b90 code [0x00000209e3c42d20, 0x00000209e3c42e98]
Event: 7721.379 Thread 0x00000209fa5f1900 22161       3       org.springframework.security.core.context.ThreadLocalSecurityContextHolderStrategy::getContext (13 bytes)
Event: 7721.380 Thread 0x00000209fa5f1900 nmethod 22161 0x00000209e3cc3090 code [0x00000209e3cc32a0, 0x00000209e3cc3be8]
Event: 7721.380 Thread 0x00000209fa5f1900 22162       3       org.springframework.security.authentication.AuthenticationTrustResolverImpl::isAnonymous (25 bytes)
Event: 7721.380 Thread 0x00000209fa5f1900 nmethod 22162 0x00000209e4120d10 code [0x00000209e4120ec0, 0x00000209e41210e8]
Event: 7721.382 Thread 0x00000209fa5efaa0 nmethod 22157 0x00000209eb531990 code [0x00000209eb531b00, 0x00000209eb531ee8]
Event: 7721.383 Thread 0x00000209fa5f1900 22163       3       org.springframework.security.web.firewall.StrictHttpFirewall$StrictFirewalledRequest$1::hasMoreElements (10 bytes)
Event: 7721.384 Thread 0x00000209fa5f1900 nmethod 22163 0x00000209e478d790 code [0x00000209e478d920, 0x00000209e478db00]
Event: 7721.384 Thread 0x00000209fa5f1900 22164       3       org.springframework.web.context.request.ServletRequestAttributes::<init> (28 bytes)
Event: 7721.385 Thread 0x00000209fa5f1900 nmethod 22164 0x00000209e3cc2490 code [0x00000209e3cc26c0, 0x00000209e3cc2e00]
Event: 7721.385 Thread 0x00000209fa5f1900 22165       3       org.springframework.web.context.request.AbstractRequestAttributes::<init> (23 bytes)
Event: 7721.386 Thread 0x00000209fa5f1900 nmethod 22165 0x00000209e4242210 code [0x00000209e42423e0, 0x00000209e4242748]
Event: 7721.386 Thread 0x00000209fa5f1900 22166       3       org.springframework.http.HttpHeaders::getContentLength (23 bytes)
Event: 7721.386 Thread 0x00000209fa5f1900 nmethod 22166 0x00000209e4169190 code [0x00000209e4169340, 0x00000209e4169638]
Event: 7729.440 Thread 0x00000209fa5efaa0 22167   !   4       java.io.StringReader::mark (44 bytes)
Event: 7729.441 Thread 0x00000209fa5f1900 22168   !   3       org.apache.tomcat.util.buf.StringCache::toString (566 bytes)
Event: 7729.443 Thread 0x00000209fa5efaa0 nmethod 22167 0x00000209eb4a0290 code [0x00000209eb4a0400, 0x00000209eb4a0630]
Event: 7729.449 Thread 0x00000209fa5f1900 nmethod 22168 0x00000209e43c8d10 code [0x00000209e43c9340, 0x00000209e43cd498]

GC Heap History (20 events):
Event: 4678.641 GC heap before
{Heap before GC invocations=65 (full 4):
 garbage-first heap   total 102400K, used 85822K [0x0000000701a00000, 0x0000000800000000)
  region size 2048K, 28 young (57344K), 3 survivors (6144K)
 Metaspace       used 88678K, committed 89408K, reserved 1179648K
  class space    used 11124K, committed 11456K, reserved 1048576K
}
Event: 4678.652 GC heap after
{Heap after GC invocations=66 (full 4):
 garbage-first heap   total 102400K, used 36679K [0x0000000701a00000, 0x0000000800000000)
  region size 2048K, 2 young (4096K), 2 survivors (4096K)
 Metaspace       used 88678K, committed 89408K, reserved 1179648K
  class space    used 11124K, committed 11456K, reserved 1048576K
}
Event: 4936.607 GC heap before
{Heap before GC invocations=66 (full 4):
 garbage-first heap   total 102400K, used 85831K [0x0000000701a00000, 0x0000000800000000)
  region size 2048K, 26 young (53248K), 2 survivors (4096K)
 Metaspace       used 88825K, committed 89472K, reserved 1179648K
  class space    used 11133K, committed 11456K, reserved 1048576K
}
Event: 4936.615 GC heap after
{Heap after GC invocations=67 (full 4):
 garbage-first heap   total 102400K, used 40672K [0x0000000701a00000, 0x0000000800000000)
  region size 2048K, 3 young (6144K), 3 survivors (6144K)
 Metaspace       used 88825K, committed 89472K, reserved 1179648K
  class space    used 11133K, committed 11456K, reserved 1048576K
}
Event: 5542.286 GC heap before
{Heap before GC invocations=67 (full 4):
 garbage-first heap   total 102400K, used 87776K [0x0000000701a00000, 0x0000000800000000)
  region size 2048K, 26 young (53248K), 3 survivors (6144K)
 Metaspace       used 88825K, committed 89472K, reserved 1179648K
  class space    used 11133K, committed 11456K, reserved 1048576K
}
Event: 5542.294 GC heap after
{Heap after GC invocations=68 (full 4):
 garbage-first heap   total 102400K, used 40773K [0x0000000701a00000, 0x0000000800000000)
  region size 2048K, 2 young (4096K), 2 survivors (4096K)
 Metaspace       used 88825K, committed 89472K, reserved 1179648K
  class space    used 11133K, committed 11456K, reserved 1048576K
}
Event: 5637.712 GC heap before
{Heap before GC invocations=69 (full 4):
 garbage-first heap   total 102400K, used 51013K [0x0000000701a00000, 0x0000000800000000)
  region size 2048K, 8 young (16384K), 2 survivors (4096K)
 Metaspace       used 88841K, committed 89600K, reserved 1179648K
  class space    used 11118K, committed 11456K, reserved 1048576K
}
Event: 5637.828 GC heap after
{Heap after GC invocations=70 (full 5):
 garbage-first heap   total 102400K, used 34565K [0x0000000701a00000, 0x0000000800000000)
  region size 2048K, 0 young (0K), 0 survivors (0K)
 Metaspace       used 88811K, committed 89600K, reserved 1179648K
  class space    used 11113K, committed 11456K, reserved 1048576K
}
Event: 5640.448 GC heap before
{Heap before GC invocations=70 (full 5):
 garbage-first heap   total 102400K, used 89861K [0x0000000701a00000, 0x0000000800000000)
  region size 2048K, 27 young (55296K), 0 survivors (0K)
 Metaspace       used 89333K, committed 89984K, reserved 1179648K
  class space    used 11159K, committed 11456K, reserved 1048576K
}
Event: 5640.455 GC heap after
{Heap after GC invocations=71 (full 5):
 garbage-first heap   total 102400K, used 39185K [0x0000000701a00000, 0x0000000800000000)
  region size 2048K, 3 young (6144K), 3 survivors (6144K)
 Metaspace       used 89333K, committed 89984K, reserved 1179648K
  class space    used 11159K, committed 11456K, reserved 1048576K
}
Event: 5641.584 GC heap before
{Heap before GC invocations=72 (full 5):
 garbage-first heap   total 102400K, used 84241K [0x0000000701a00000, 0x0000000800000000)
  region size 2048K, 25 young (51200K), 3 survivors (6144K)
 Metaspace       used 89948K, committed 90624K, reserved 1179648K
  class space    used 11195K, committed 11520K, reserved 1048576K
}
Event: 5641.593 GC heap after
{Heap after GC invocations=73 (full 5):
 garbage-first heap   total 102400K, used 41304K [0x0000000701a00000, 0x0000000800000000)
  region size 2048K, 2 young (4096K), 2 survivors (4096K)
 Metaspace       used 89948K, committed 90624K, reserved 1179648K
  class space    used 11195K, committed 11520K, reserved 1048576K
}
Event: 5726.122 GC heap before
{Heap before GC invocations=73 (full 5):
 garbage-first heap   total 102400K, used 86360K [0x0000000701a00000, 0x0000000800000000)
  region size 2048K, 24 young (49152K), 2 survivors (4096K)
 Metaspace       used 90214K, committed 90880K, reserved 1179648K
  class space    used 11213K, committed 11520K, reserved 1048576K
}
Event: 5726.129 GC heap after
{Heap after GC invocations=74 (full 5):
 garbage-first heap   total 102400K, used 45041K [0x0000000701a00000, 0x0000000800000000)
  region size 2048K, 3 young (6144K), 3 survivors (6144K)
 Metaspace       used 90214K, committed 90880K, reserved 1179648K
  class space    used 11213K, committed 11520K, reserved 1048576K
}
Event: 6247.277 GC heap before
{Heap before GC invocations=74 (full 5):
 garbage-first heap   total 102400K, used 86001K [0x0000000701a00000, 0x0000000800000000)
  region size 2048K, 23 young (47104K), 3 survivors (6144K)
 Metaspace       used 90214K, committed 90880K, reserved 1179648K
  class space    used 11213K, committed 11520K, reserved 1048576K
}
Event: 6247.286 GC heap after
{Heap after GC invocations=75 (full 5):
 garbage-first heap   total 102400K, used 45525K [0x0000000701a00000, 0x0000000800000000)
  region size 2048K, 1 young (2048K), 1 survivors (2048K)
 Metaspace       used 90214K, committed 90880K, reserved 1179648K
  class space    used 11213K, committed 11520K, reserved 1048576K
}
Event: 6823.172 GC heap before
{Heap before GC invocations=76 (full 5):
 garbage-first heap   total 102400K, used 90581K [0x0000000701a00000, 0x0000000800000000)
  region size 2048K, 23 young (47104K), 1 survivors (2048K)
 Metaspace       used 90211K, committed 90880K, reserved 1179648K
  class space    used 11213K, committed 11520K, reserved 1048576K
}
Event: 6823.173 GC heap after
{Heap after GC invocations=77 (full 5):
 garbage-first heap   total 102400K, used 44835K [0x0000000701a00000, 0x0000000800000000)
  region size 2048K, 1 young (2048K), 1 survivors (2048K)
 Metaspace       used 90211K, committed 90880K, reserved 1179648K
  class space    used 11213K, committed 11520K, reserved 1048576K
}
Event: 7381.468 GC heap before
{Heap before GC invocations=77 (full 5):
 garbage-first heap   total 102400K, used 89891K [0x0000000701a00000, 0x0000000800000000)
  region size 2048K, 23 young (47104K), 1 survivors (2048K)
 Metaspace       used 90239K, committed 90880K, reserved 1179648K
  class space    used 11217K, committed 11520K, reserved 1048576K
}
Event: 7381.470 GC heap after
{Heap after GC invocations=78 (full 5):
 garbage-first heap   total 102400K, used 41229K [0x0000000701a00000, 0x0000000800000000)
  region size 2048K, 1 young (2048K), 1 survivors (2048K)
 Metaspace       used 90239K, committed 90880K, reserved 1179648K
  class space    used 11217K, committed 11520K, reserved 1048576K
}

Dll operation events (13 events):
Event: 0.772 Loaded shared library C:\Program Files\Java\jdk-20.0.1\bin\java.dll
Event: 0.872 Loaded shared library C:\Program Files\Java\jdk-20.0.1\bin\jsvml.dll
Event: 1.763 Loaded shared library C:\Program Files\Java\jdk-20.0.1\bin\zip.dll
Event: 1.780 Loaded shared library C:\Program Files\Java\jdk-20.0.1\bin\instrument.dll
Event: 1.804 Loaded shared library C:\Program Files\Java\jdk-20.0.1\bin\net.dll
Event: 1.815 Loaded shared library C:\Program Files\Java\jdk-20.0.1\bin\nio.dll
Event: 1.832 Loaded shared library C:\Program Files\Java\jdk-20.0.1\bin\zip.dll
Event: 2.528 Loaded shared library C:\Program Files\Java\jdk-20.0.1\bin\jimage.dll
Event: 2.696 Loaded shared library C:\Program Files\Java\jdk-20.0.1\bin\verify.dll
Event: 3.912 Loaded shared library C:\Program Files\Java\jdk-20.0.1\bin\management.dll
Event: 3.928 Loaded shared library C:\Program Files\Java\jdk-20.0.1\bin\management_ext.dll
Event: 15.399 Loaded shared library C:\Program Files\Java\jdk-20.0.1\bin\sunmscapi.dll
Event: 18.814 Loaded shared library C:\Program Files\Java\jdk-20.0.1\bin\extnet.dll

Deoptimization events (20 events):
Event: 7707.560 Thread 0x0000020984775590 DEOPT PACKING pc=0x00000209ead3c7d4 sp=0x0000009e00efa0c0
Event: 7707.560 Thread 0x0000020984775590 DEOPT UNPACKING pc=0x00000209ea7aa4c2 sp=0x0000009e00ef9548 mode 1
Event: 7707.560 Thread 0x0000020984775590 DEOPT PACKING pc=0x00000209eaed0b30 sp=0x0000009e00efaaa0
Event: 7707.560 Thread 0x0000020984775590 DEOPT UNPACKING pc=0x00000209ea7aa4c2 sp=0x0000009e00ef9e98 mode 1
Event: 7707.560 Thread 0x0000020984775590 DEOPT PACKING pc=0x00000209e478cf14 sp=0x0000009e00efaae0
Event: 7707.560 Thread 0x0000020984775590 DEOPT UNPACKING pc=0x00000209ea7aa4c2 sp=0x0000009e00ef9f40 mode 1
Event: 7707.561 Thread 0x0000020984775590 DEOPT PACKING pc=0x00000209e485829c sp=0x0000009e00efa910
Event: 7707.561 Thread 0x0000020984775590 DEOPT UNPACKING pc=0x00000209ea7aa4c2 sp=0x0000009e00ef9ed8 mode 1
Event: 7707.561 Thread 0x0000020984775590 DEOPT PACKING pc=0x00000209e46ece34 sp=0x0000009e00efaa90
Event: 7707.561 Thread 0x0000020984775590 DEOPT UNPACKING pc=0x00000209ea7aa4c2 sp=0x0000009e00ef9f40 mode 1
Event: 7707.562 Thread 0x0000020984775590 DEOPT PACKING pc=0x00000209e478b494 sp=0x0000009e00efab60
Event: 7707.562 Thread 0x0000020984775590 DEOPT UNPACKING pc=0x00000209ea7aa4c2 sp=0x0000009e00efa048 mode 1
Event: 7707.562 Thread 0x0000020984775590 DEOPT PACKING pc=0x00000209e4764dc4 sp=0x0000009e00efac20
Event: 7707.562 Thread 0x0000020984775590 DEOPT UNPACKING pc=0x00000209ea7aa4c2 sp=0x0000009e00efa0c8 mode 1
Event: 7707.562 Thread 0x0000020984775590 DEOPT PACKING pc=0x00000209eaed0b30 sp=0x0000009e00efb620
Event: 7707.562 Thread 0x0000020984775590 DEOPT UNPACKING pc=0x00000209ea7aa4c2 sp=0x0000009e00efaa30 mode 1
Event: 7707.562 Thread 0x0000020984775590 DEOPT PACKING pc=0x00000209e4552dd4 sp=0x0000009e00efb710
Event: 7707.562 Thread 0x0000020984775590 DEOPT UNPACKING pc=0x00000209ea7aa4c2 sp=0x0000009e00efabd0 mode 1
Event: 7752.854 Thread 0x0000020984776030 DEOPT PACKING pc=0x00000209eaf8ea4c sp=0x0000009e00ffb540
Event: 7752.854 Thread 0x0000020984776030 DEOPT UNPACKING pc=0x00000209ea7aa4c2 sp=0x0000009e00ffa9c8 mode 0

Classes loaded (20 events):
Event: 71.499 Loading class java/util/stream/DoubleStream
Event: 71.500 Loading class java/util/stream/DoubleStream done
Event: 99.158 Loading class java/time/DayOfWeek
Event: 99.159 Loading class java/time/DayOfWeek done
Event: 102.619 Loading class sun/reflect/annotation/AnnotationInvocationHandler$1
Event: 102.619 Loading class sun/reflect/annotation/AnnotationInvocationHandler$1 done
Event: 768.250 Loading class java/lang/Throwable$WrappedPrintWriter
Event: 768.250 Loading class java/lang/Throwable$PrintStreamOrWriter
Event: 768.251 Loading class java/lang/Throwable$PrintStreamOrWriter done
Event: 768.251 Loading class java/lang/Throwable$WrappedPrintWriter done
Event: 839.554 Loading class java/util/DateEditor
Event: 839.554 Loading class java/util/DateEditor done
Event: 895.194 Loading class java/lang/LongEditor
Event: 895.194 Loading class java/lang/LongEditor done
Event: 927.538 Loading class java/lang/StringEditor
Event: 927.538 Loading class java/lang/StringEditor done
Event: 927.543 Loading class java/lang/DoubleEditor
Event: 927.543 Loading class java/lang/DoubleEditor done
Event: 927.585 Loading class java/math/BigIntegerEditor
Event: 927.585 Loading class java/math/BigIntegerEditor done

Classes unloaded (20 events):
Event: 5542.416 Thread 0x00000209fa5bace0 Unloading class 0x0000000801465800 'java/lang/invoke/LambdaForm$MH+0x0000000801465800'
Event: 5542.416 Thread 0x00000209fa5bace0 Unloading class 0x0000000801465400 'java/lang/invoke/LambdaForm$MH+0x0000000801465400'
Event: 5542.416 Thread 0x00000209fa5bace0 Unloading class 0x0000000801136400 'java/lang/invoke/LambdaForm$MH+0x0000000801136400'
Event: 5542.416 Thread 0x00000209fa5bace0 Unloading class 0x0000000801135c00 'java/lang/invoke/LambdaForm$MH+0x0000000801135c00'
Event: 5542.416 Thread 0x00000209fa5bace0 Unloading class 0x0000000801135800 'java/lang/invoke/LambdaForm$MH+0x0000000801135800'
Event: 5542.416 Thread 0x00000209fa5bace0 Unloading class 0x0000000801135400 'java/lang/invoke/LambdaForm$MH+0x0000000801135400'
Event: 5542.416 Thread 0x00000209fa5bace0 Unloading class 0x0000000801135000 'java/lang/invoke/LambdaForm$MH+0x0000000801135000'
Event: 5542.416 Thread 0x00000209fa5bace0 Unloading class 0x0000000801134800 'java/lang/invoke/LambdaForm$MH+0x0000000801134800'
Event: 5542.416 Thread 0x00000209fa5bace0 Unloading class 0x0000000801134400 'java/lang/invoke/LambdaForm$MH+0x0000000801134400'
Event: 5542.416 Thread 0x00000209fa5bace0 Unloading class 0x0000000801134000 'java/lang/invoke/LambdaForm$MH+0x0000000801134000'
Event: 5637.753 Thread 0x00000209fa5bace0 Unloading class 0x0000000801b42400 'jdk/internal/reflect/GeneratedSerializationConstructorAccessor45'
Event: 5637.753 Thread 0x00000209fa5bace0 Unloading class 0x0000000801b40800 'jdk/internal/reflect/GeneratedSerializationConstructorAccessor44'
Event: 5637.753 Thread 0x00000209fa5bace0 Unloading class 0x0000000801b40400 'jdk/internal/reflect/GeneratedSerializationConstructorAccessor43'
Event: 5637.753 Thread 0x00000209fa5bace0 Unloading class 0x0000000801b3e400 'jdk/internal/reflect/GeneratedSerializationConstructorAccessor42'
Event: 5637.753 Thread 0x00000209fa5bace0 Unloading class 0x0000000801b3e000 'jdk/internal/reflect/GeneratedSerializationConstructorAccessor41'
Event: 5637.754 Thread 0x00000209fa5bace0 Unloading class 0x0000000801b3cc00 'jdk/internal/reflect/GeneratedSerializationConstructorAccessor40'
Event: 5637.754 Thread 0x00000209fa5bace0 Unloading class 0x0000000801b3c800 'jdk/internal/reflect/GeneratedSerializationConstructorAccessor39'
Event: 5637.754 Thread 0x00000209fa5bace0 Unloading class 0x0000000801b3c400 'jdk/internal/reflect/GeneratedSerializationConstructorAccessor38'
Event: 5637.754 Thread 0x00000209fa5bace0 Unloading class 0x0000000801b3c000 'jdk/internal/reflect/GeneratedSerializationConstructorAccessor37'
Event: 6247.390 Thread 0x00000209fa5bace0 Unloading class 0x0000000801b19000 'org/apache/catalina/loader/JdbcLeakPrevention'

Classes redefined (20 events):
Event: 744.963 Thread 0x00000209fa5bace0 redefined class name=com.br.Ad.Ad.controller.PedidoController, count=1
Event: 744.963 Thread 0x00000209fa5bace0 redefined class name=com.br.Ad.Ad.controller.PedidoController, count=1
Event: 4627.782 Thread 0x00000209fa5bace0 redefined class name=com.br.Ad.Ad.controller.PedidoController, count=2
Event: 4627.782 Thread 0x00000209fa5bace0 redefined class name=com.br.Ad.Ad.controller.PedidoController, count=1
Event: 4627.782 Thread 0x00000209fa5bace0 redefined class name=com.br.Ad.Ad.controller.PedidoController, count=2
Event: 4673.935 Thread 0x00000209fa5bace0 redefined class name=com.br.Ad.Ad.controller.PedidoController, count=3
Event: 4673.935 Thread 0x00000209fa5bace0 redefined class name=com.br.Ad.Ad.controller.PedidoController, count=2
Event: 4673.935 Thread 0x00000209fa5bace0 redefined class name=com.br.Ad.Ad.controller.PedidoController, count=1
Event: 4673.935 Thread 0x00000209fa5bace0 redefined class name=com.br.Ad.Ad.controller.PedidoController, count=3
Event: 5636.027 Thread 0x00000209fa5bace0 redefined class name=com.br.Ad.Ad.controller.PedidoController, count=4
Event: 5636.027 Thread 0x00000209fa5bace0 redefined class name=com.br.Ad.Ad.controller.PedidoController, count=1
Event: 5636.027 Thread 0x00000209fa5bace0 redefined class name=com.br.Ad.Ad.controller.PedidoController, count=3
Event: 5636.027 Thread 0x00000209fa5bace0 redefined class name=com.br.Ad.Ad.controller.PedidoController, count=2
Event: 5636.027 Thread 0x00000209fa5bace0 redefined class name=com.br.Ad.Ad.controller.PedidoController, count=4
Event: 7753.129 Thread 0x00000209fa5bace0 redefined class name=com.br.Ad.Ad.controller.PedidoController, count=5
Event: 7753.129 Thread 0x00000209fa5bace0 redefined class name=com.br.Ad.Ad.controller.PedidoController, count=2
Event: 7753.129 Thread 0x00000209fa5bace0 redefined class name=com.br.Ad.Ad.controller.PedidoController, count=1
Event: 7753.129 Thread 0x00000209fa5bace0 redefined class name=com.br.Ad.Ad.controller.PedidoController, count=4
Event: 7753.129 Thread 0x00000209fa5bace0 redefined class name=com.br.Ad.Ad.controller.PedidoController, count=3
Event: 7753.129 Thread 0x00000209fa5bace0 redefined class name=com.br.Ad.Ad.controller.PedidoController, count=5

Internal exceptions (20 events):
Event: 4677.778 Thread 0x0000020985613530 Implicit null exception at 0x00000209eb58e313 to 0x00000209eb58e800
Event: 4677.878 Thread 0x0000020985613530 Implicit null exception at 0x00000209eb595413 to 0x00000209eb595900
Event: 5442.223 Thread 0x0000020980b73090 Implicit null exception at 0x00000209eacf3940 to 0x00000209eacf3d58
Event: 5443.231 Thread 0x0000020980b765b0 Implicit null exception at 0x00000209eacf3940 to 0x00000209eacf3d58
Event: 5444.229 Thread 0x0000020980b765b0 Implicit null exception at 0x00000209eacf3940 to 0x00000209eacf3d58
Event: 5445.221 Thread 0x0000020980b765b0 Implicit null exception at 0x00000209eacf3940 to 0x00000209eacf3d58
Event: 5637.676 Thread 0x0000020980b735e0 Exception <a 'java/lang/InterruptedException'{0x0000000707290ca8}: sleep interrupted> (0x0000000707290ca8) 
thrown [s\open\src\hotspot\share\prims\jvm.cpp, line 3086]
Event: 5637.881 Thread 0x000002098477afe0 Exception <a 'sun/nio/fs/WindowsException'{0x0000000707c8eb20}> (0x0000000707c8eb20) 
thrown [s\open\src\hotspot\share\prims\jni.cpp, line 519]
Event: 5638.865 Thread 0x000002098477afe0 Exception <a 'java/lang/NoClassDefFoundError'{0x00000007063c76c8}: org/flywaydb/core/Flyway> (0x00000007063c76c8) 
thrown [s\open\src\hotspot\share\oops\constantPool.cpp, line 848]
Event: 5638.866 Thread 0x000002098477afe0 Exception <a 'java/lang/NoClassDefFoundError'{0x00000007063c7d28}: liquibase/integration/spring/SpringLiquibase> (0x00000007063c7d28) 
thrown [s\open\src\hotspot\share\oops\constantPool.cpp, line 848]
Event: 5638.874 Thread 0x000002098477afe0 Exception <a 'java/lang/NoClassDefFoundError'{0x0000000706030aa8}: org/jooq/DSLContext> (0x0000000706030aa8) 
thrown [s\open\src\hotspot\share\oops\constantPool.cpp, line 848]
Event: 5638.875 Thread 0x000002098477afe0 Exception <a 'java/lang/NoClassDefFoundError'{0x0000000706041578}: org/springframework/batch/core/repository/JobRepository> (0x0000000706041578) 
thrown [s\open\src\hotspot\share\oops\constantPool.cpp, line 848]
Event: 5638.875 Thread 0x000002098477afe0 Exception <a 'java/lang/NoClassDefFoundError'{0x0000000706041bd0}: org/quartz/Scheduler> (0x0000000706041bd0) 
thrown [s\open\src\hotspot\share\oops\constantPool.cpp, line 848]
Event: 5638.875 Thread 0x000002098477afe0 Exception <a 'java/lang/NoClassDefFoundError'{0x0000000706042250}: org/springframework/session/jdbc/JdbcIndexedSessionRepository> (0x0000000706042250) 
thrown [s\open\src\hotspot\share\oops\constantPool.cpp, line 848]
Event: 5639.105 Thread 0x000002098477afe0 Exception <a 'java/io/FileNotFoundException'{0x0000000705b0d6f0}> (0x0000000705b0d6f0) 
thrown [s\open\src\hotspot\share\prims\jni.cpp, line 519]
Event: 5639.195 Thread 0x000002098477afe0 Exception <a 'java/io/FileNotFoundException'{0x00000007058fca10}> (0x00000007058fca10) 
thrown [s\open\src\hotspot\share\prims\jni.cpp, line 519]
Event: 5640.055 Thread 0x000002098477afe0 Implicit null exception at 0x00000209eb167393 to 0x00000209eb167880
Event: 5640.093 Thread 0x000002098477afe0 Implicit null exception at 0x00000209eb420a93 to 0x00000209eb420f80
Event: 5640.258 Thread 0x000002098477afe0 Implicit null exception at 0x00000209eb4acc13 to 0x00000209eb4ad100
Event: 7209.754 Thread 0x000002098477c520 Implicit null exception at 0x00000209eade6080 to 0x00000209eade841c

VM Operations (20 events):
Event: 7752.848 Executing VM operation: ChangeSingleStep
Event: 7752.848 Executing VM operation: ChangeSingleStep done
Event: 7752.854 Executing VM operation: ChangeSingleStep
Event: 7752.854 Executing VM operation: ChangeSingleStep done
Event: 7753.081 Executing VM operation: RedefineClasses
Event: 7753.192 Executing VM operation: RedefineClasses done
Event: 7753.288 Executing VM operation: ChangeBreakpoints
Event: 7753.293 Executing VM operation: ChangeBreakpoints done
Event: 7753.311 Executing VM operation: ChangeBreakpoints
Event: 7753.314 Executing VM operation: ChangeBreakpoints done
Event: 7753.328 Executing VM operation: ChangeBreakpoints
Event: 7753.332 Executing VM operation: ChangeBreakpoints done
Event: 7753.347 Executing VM operation: ChangeBreakpoints
Event: 7753.350 Executing VM operation: ChangeBreakpoints done
Event: 7753.762 Executing VM operation: ChangeBreakpoints
Event: 7753.767 Executing VM operation: ChangeBreakpoints done
Event: 7753.777 Executing VM operation: ChangeBreakpoints
Event: 7753.781 Executing VM operation: ChangeBreakpoints done
Event: 7753.788 Executing VM operation: ChangeSingleStep
Event: 7753.788 Executing VM operation: ChangeSingleStep done

Events (20 events):
Event: 7410.359 Thread 0x0000020985058020 Thread added: 0x0000020985058020
Event: 7410.360 Thread 0x0000020985059ab0 Thread added: 0x0000020985059ab0
Event: 7415.378 Thread 0x0000020985058020 Thread exited: 0x0000020985058020
Event: 7415.758 Thread 0x0000020985059ab0 Thread exited: 0x0000020985059ab0
Event: 7418.108 Thread 0x0000020985059ab0 Thread added: 0x0000020985059ab0
Event: 7418.108 Thread 0x00000209850555a0 Thread added: 0x00000209850555a0
Event: 7424.071 Thread 0x0000020985059ab0 Thread exited: 0x0000020985059ab0
Event: 7424.372 Thread 0x00000209850555a0 Thread exited: 0x00000209850555a0
Event: 7430.144 Thread 0x0000020985057030 Thread added: 0x0000020985057030
Event: 7430.144 Thread 0x000002098505aaa0 Thread added: 0x000002098505aaa0
Event: 7437.838 Thread 0x0000020985057030 Thread exited: 0x0000020985057030
Event: 7437.918 Thread 0x0000020985057030 Thread added: 0x0000020985057030
Event: 7443.560 Thread 0x0000020985057030 Thread exited: 0x0000020985057030
Event: 7443.936 Thread 0x000002098505aaa0 Thread exited: 0x000002098505aaa0
Event: 7545.663 Thread 0x0000020984993390 Thread added: 0x0000020984993390
Event: 7550.930 Thread 0x0000020984993390 Thread exited: 0x0000020984993390
Event: 7555.407 Thread 0x0000020984993390 Thread added: 0x0000020984993390
Event: 7561.233 Thread 0x0000020984993390 Thread exited: 0x0000020984993390
Event: 7720.967 Thread 0x0000020984991d50 Thread added: 0x0000020984991d50
Event: 7726.393 Thread 0x0000020984991d50 Thread exited: 0x0000020984991d50


Dynamic libraries:
0x00007ff719690000 - 0x00007ff71969e000 	C:\Program Files\Java\jdk-20.0.1\bin\javaw.exe
0x00007ffe08c50000 - 0x00007ffe08e64000 	C:\WINDOWS\SYSTEM32\ntdll.dll
0x00007ffe07400000 - 0x00007ffe074c2000 	C:\WINDOWS\System32\KERNEL32.DLL
0x00007ffe06380000 - 0x00007ffe06723000 	C:\WINDOWS\System32\KERNELBASE.dll
0x00007ffde0970000 - 0x00007ffde0a3f000 	C:\Program Files\Bitdefender\Endpoint Security\bdhkm\dlls_266184808945032704\bdhkm64.dll
0x00007ffdbc2e0000 - 0x00007ffdbc43b000 	C:\Program Files\Bitdefender\Endpoint Security\atcuf\dlls_266658878408607338\atcuf64.dll
0x00007ffe06910000 - 0x00007ffe06a21000 	C:\WINDOWS\System32\ucrtbase.dll
0x00007ffdf1450000 - 0x00007ffdf1467000 	C:\Program Files\Java\jdk-20.0.1\bin\jli.dll
0x00007ffe084c0000 - 0x00007ffe0866a000 	C:\WINDOWS\System32\USER32.dll
0x00007ffe06050000 - 0x00007ffe06076000 	C:\WINDOWS\System32\win32u.dll
0x00007ffe08670000 - 0x00007ffe08699000 	C:\WINDOWS\System32\GDI32.dll
0x00007ffe061a0000 - 0x00007ffe062b9000 	C:\WINDOWS\System32\gdi32full.dll
0x00007ffe06080000 - 0x00007ffe0611a000 	C:\WINDOWS\System32\msvcp_win.dll
0x00007ffdddd20000 - 0x00007ffdddd3b000 	C:\Program Files\Java\jdk-20.0.1\bin\VCRUNTIME140.dll
0x00007ffdf2300000 - 0x00007ffdf258e000 	C:\WINDOWS\WinSxS\amd64_microsoft.windows.common-controls_6595b64144ccf1df_6.0.22621.1635_none_270f70857386168e\COMCTL32.dll
0x00007ffe07290000 - 0x00007ffe07337000 	C:\WINDOWS\System32\msvcrt.dll
0x00007ffe079a0000 - 0x00007ffe079d1000 	C:\WINDOWS\System32\IMM32.DLL
0x00007ffdfc4f0000 - 0x00007ffdfc4fc000 	C:\Program Files\Java\jdk-20.0.1\bin\vcruntime140_1.dll
0x00007ffdcb800000 - 0x00007ffdcb88e000 	C:\Program Files\Java\jdk-20.0.1\bin\msvcp140.dll
0x00007ffd80440000 - 0x00007ffd810d7000 	C:\Program Files\Java\jdk-20.0.1\bin\server\jvm.dll
0x00007ffe078f0000 - 0x00007ffe0799e000 	C:\WINDOWS\System32\ADVAPI32.dll
0x00007ffe08700000 - 0x00007ffe087a4000 	C:\WINDOWS\System32\sechost.dll
0x00007ffe088b0000 - 0x00007ffe089c7000 	C:\WINDOWS\System32\RPCRT4.dll
0x00007ffddde90000 - 0x00007ffddde99000 	C:\WINDOWS\SYSTEM32\WSOCK32.dll
0x00007ffe08b90000 - 0x00007ffe08c01000 	C:\WINDOWS\System32\WS2_32.dll
0x00007ffe019d0000 - 0x00007ffe01a04000 	C:\WINDOWS\SYSTEM32\WINMM.dll
0x00007ffe018f0000 - 0x00007ffe018fa000 	C:\WINDOWS\SYSTEM32\VERSION.dll
0x00007ffe05050000 - 0x00007ffe05068000 	C:\WINDOWS\SYSTEM32\kernel.appcore.dll
0x00007ffdfbd80000 - 0x00007ffdfbd8a000 	C:\Program Files\Java\jdk-20.0.1\bin\jimage.dll
0x00007ffdec450000 - 0x00007ffdec67e000 	C:\WINDOWS\SYSTEM32\DBGHELP.DLL
0x00007ffe074d0000 - 0x00007ffe07859000 	C:\WINDOWS\System32\combase.dll
0x00007ffe070a0000 - 0x00007ffe07177000 	C:\WINDOWS\System32\OLEAUT32.dll
0x00007ffde9960000 - 0x00007ffde9992000 	C:\WINDOWS\SYSTEM32\dbgcore.DLL
0x00007ffe06120000 - 0x00007ffe0619a000 	C:\WINDOWS\System32\bcryptPrimitives.dll
0x00007ffdda6e0000 - 0x00007ffdda71c000 	C:\Program Files\Java\jdk-20.0.1\bin\jdwp.dll
0x00007ffdfb350000 - 0x00007ffdfb35e000 	C:\Program Files\Java\jdk-20.0.1\bin\instrument.dll
0x00007ffdda740000 - 0x00007ffdda766000 	C:\Program Files\Java\jdk-20.0.1\bin\java.dll
0x00007ffda5680000 - 0x00007ffda5757000 	C:\Program Files\Java\jdk-20.0.1\bin\jsvml.dll
0x00007ffe07ba0000 - 0x00007ffe08399000 	C:\WINDOWS\System32\SHELL32.dll
0x00007ffe03d20000 - 0x00007ffe045ee000 	C:\WINDOWS\SYSTEM32\windows.storage.dll
0x00007ffe03bb0000 - 0x00007ffe03cee000 	C:\WINDOWS\SYSTEM32\wintypes.dll
0x00007ffe087b0000 - 0x00007ffe088a1000 	C:\WINDOWS\System32\SHCORE.dll
0x00007ffe07230000 - 0x00007ffe0728e000 	C:\WINDOWS\System32\shlwapi.dll
0x00007ffe05f80000 - 0x00007ffe05fa6000 	C:\WINDOWS\SYSTEM32\profapi.dll
0x00007ffdf1e60000 - 0x00007ffdf1e6c000 	C:\Program Files\Java\jdk-20.0.1\bin\dt_socket.dll
0x00007ffe04850000 - 0x00007ffe0487d000 	C:\WINDOWS\SYSTEM32\IPHLPAPI.DLL
0x00007ffe05600000 - 0x00007ffe05669000 	C:\WINDOWS\system32\mswsock.dll
0x00007ffe04880000 - 0x00007ffe04973000 	C:\WINDOWS\SYSTEM32\DNSAPI.dll
0x00007ffe073f0000 - 0x00007ffe073f9000 	C:\WINDOWS\System32\NSI.dll
0x00007ffe018d0000 - 0x00007ffe018da000 	C:\Windows\System32\rasadhlp.dll
0x00007ffe02ce0000 - 0x00007ffe02d64000 	C:\WINDOWS\System32\fwpuclnt.dll
0x00007ffdddb00000 - 0x00007ffdddb18000 	C:\Program Files\Java\jdk-20.0.1\bin\zip.dll
0x00007ffddb0e0000 - 0x00007ffddb0f3000 	C:\Program Files\Java\jdk-20.0.1\bin\net.dll
0x00007ffe05070000 - 0x00007ffe051a7000 	C:\WINDOWS\SYSTEM32\WINHTTP.dll
0x00007ffdd9f00000 - 0x00007ffdd9f16000 	C:\Program Files\Java\jdk-20.0.1\bin\nio.dll
0x00007ffdf1440000 - 0x00007ffdf1450000 	C:\Program Files\Java\jdk-20.0.1\bin\verify.dll
0x00007ffde6830000 - 0x00007ffde683a000 	C:\Program Files\Java\jdk-20.0.1\bin\management.dll
0x00007ffde6480000 - 0x00007ffde648b000 	C:\Program Files\Java\jdk-20.0.1\bin\management_ext.dll
0x00007ffe071a0000 - 0x00007ffe071a8000 	C:\WINDOWS\System32\PSAPI.DLL
0x00007ffe058a0000 - 0x00007ffe058bb000 	C:\WINDOWS\SYSTEM32\CRYPTSP.dll
0x00007ffe04fc0000 - 0x00007ffe04ff5000 	C:\WINDOWS\system32\rsaenh.dll
0x00007ffe056a0000 - 0x00007ffe056cc000 	C:\WINDOWS\SYSTEM32\USERENV.dll
0x00007ffe059d0000 - 0x00007ffe059f8000 	C:\WINDOWS\SYSTEM32\bcrypt.dll
0x00007ffe05880000 - 0x00007ffe0588c000 	C:\WINDOWS\SYSTEM32\CRYPTBASE.dll
0x00007ffe02b00000 - 0x00007ffe02b19000 	C:\WINDOWS\SYSTEM32\dhcpcsvc6.DLL
0x00007ffe02ae0000 - 0x00007ffe02aff000 	C:\WINDOWS\SYSTEM32\dhcpcsvc.DLL
0x00007ffde4570000 - 0x00007ffde457e000 	C:\Program Files\Java\jdk-20.0.1\bin\sunmscapi.dll
0x00007ffe067a0000 - 0x00007ffe06907000 	C:\WINDOWS\System32\CRYPT32.dll
0x00007ffe059a0000 - 0x00007ffe059ce000 	C:\WINDOWS\SYSTEM32\ncrypt.dll
0x00007ffe05960000 - 0x00007ffe05997000 	C:\WINDOWS\SYSTEM32\NTASN1.dll
0x00007ffde3390000 - 0x00007ffde3397000 	C:\Program Files\Java\jdk-20.0.1\bin\extnet.dll
0x00007ffdf1a20000 - 0x00007ffdf1a28000 	C:\WINDOWS\system32\wshunix.dll

dbghelp: loaded successfully - version: 4.0.5 - missing functions: none
symbol engine: initialized successfully - sym options: 0x614 - pdb path: .;C:\Program Files\Java\jdk-20.0.1\bin;C:\WINDOWS\SYSTEM32;C:\Program Files\Bitdefender\Endpoint Security\bdhkm\dlls_266184808945032704;C:\Program Files\Bitdefender\Endpoint Security\atcuf\dlls_266658878408607338;C:\WINDOWS\WinSxS\amd64_microsoft.windows.common-controls_6595b64144ccf1df_6.0.22621.1635_none_270f70857386168e;C:\Program Files\Java\jdk-20.0.1\bin\server

VM Arguments:
jvm_args: -XX:+ShowCodeDetailsInExceptionMessages -agentlib:jdwp=transport=dt_socket,suspend=y,address=localhost:51533 -javaagent:C:\Users\alan.costa\eclipse\java-2023-03\eclipse\configuration\org.eclipse.osgi\756\0\.cp\lib\javaagent-shaded.jar -Dfile.encoding=UTF-8 
java_command: com.br.Ad.Ad.AdApplication
java_class_path (initial): C:\Work\Ad\target\classes;C:\Users\alan.costa\.m2\repository\org\springframework\boot\spring-boot-starter-data-jpa\3.1.1\spring-boot-starter-data-jpa-3.1.1.jar;C:\Users\alan.costa\.m2\repository\org\springframework\boot\spring-boot-starter-aop\3.1.1\spring-boot-starter-aop-3.1.1.jar;C:\Users\alan.costa\.m2\repository\org\aspectj\aspectjweaver\1.9.19\aspectjweaver-1.9.19.jar;C:\Users\alan.costa\.m2\repository\org\springframework\boot\spring-boot-starter-jdbc\3.1.1\spring-boot-starter-jdbc-3.1.1.jar;C:\Users\alan.costa\.m2\repository\com\zaxxer\HikariCP\5.0.1\HikariCP-5.0.1.jar;C:\Users\alan.costa\.m2\repository\org\springframework\spring-jdbc\6.0.10\spring-jdbc-6.0.10.jar;C:\Users\alan.costa\.m2\repository\org\hibernate\orm\hibernate-core\6.2.5.Final\hibernate-core-6.2.5.Final.jar;C:\Users\alan.costa\.m2\repository\jakarta\persistence\jakarta.persistence-api\3.1.0\jakarta.persistence-api-3.1.0.jar;C:\Users\alan.costa\.m2\repository\jakarta\transaction\jakarta.transaction-api\2.0.1\jakarta.transaction-api-2.0.1.jar;C:\Users\alan.costa\.m2\repository\org\jboss\logging\jboss-logging\3.5.1.Final\jboss-logging-3.5.1.Final.jar;C:\Users\alan.costa\.m2\repository\org\hibernate\common\hibernate-commons-annotations\6.0.6.Final\hibernate-commons-annotations-6.0.6.Final.jar;C:\Users\alan.costa\.m2\repository\io\smallrye\jandex\3.0.5\jandex-3.0.5.jar;C:\Users\alan.costa\.m2\repository\com\fasterxml\classmate\1.5.1\classmate-1.5.1.jar;C:\Users\alan.costa\.m2\repository\net\bytebuddy\byte-buddy\1.14.5\byte-buddy-1.14.5.jar;C:\Users\alan.costa\.m2\repository\org\glassfish\jaxb\jaxb-runtime\4.0.3\jaxb-runtime-4.0.3.jar;C:\Users\alan.costa\.m2\repository\org\glassfish\jaxb\jaxb-core\4.0.3\jaxb-core-4.0.3.jar;C:\Users\alan.costa\.m2\repository\org\eclipse\angus\angus-activation\2.0.1\angus-activation-2.0.1.jar;C:\Users\alan.costa\.m2\repository\org\glassfish\jaxb\txw2\4.0.3\txw2-4.0.3.jar;C:\Users\alan.costa\.m2\repository\com\sun\istack\istack-commons-runtime\4.1.2\istack-commons-runtime-4.1.2.jar;C:\Users\alan.costa\.m2\repository\jakarta\inject\jakarta.inject-api\2.0.1\jakarta.inject-api-2.0.1.jar;C:\Users\alan.costa\.m2\repository\org\antlr\antlr4-runtime\4.10.1\antlr4-runtime-4.10.1.jar;C:\Users\alan.costa\.m2\repository\org\springframework\data\spring-data-jpa\3.1.1\spring-data-jpa-3.1.1.jar;C:\Users\alan.costa\.m2\repository\org\springframework\data\spring-data-commons\3.1.1\spring-data-commons-3.1.1.jar;C:\Users\alan.costa\.m2\repository\org\springframework\spring-orm\6.0.10\spring-orm-6.0.10.jar;C:\Users\alan.costa\.m2\repository\org\springframework\spring-context\6.0.10\spring-context-6.0.10.jar;C:\Users\alan.costa\.m2\repository\org\springframework\spring-tx\6.0.10\spring-tx-6.0.10.jar;C:\Users\alan.costa\.m2\repository\org\springframework\spring-beans\6.0.10\spring-beans-6.0.10.jar;C:\Users\alan.costa\.m2\repository\jakarta\annotation\jakarta.annotation-api\2.1.1\jakarta.annotation-api-2.1.1.jar;C:\Users\alan.costa\.m2\repository\org\springframework\spring-aspects\6.0.10\spring-aspects-6.0.10.jar;C:\Users\alan.costa\.m2\repository\org\springframework\boot\spring-boot-starter-validation\3.1.1\spring-boot-starter-validation-3.1.1.jar;C:\Users\alan.costa\.m2\repository\org\springframework\boot\spring-boot-starter\3.1.1\spring-boot-starter-3.1.1.jar;C:\Users\alan.costa\.m2\repository\org\springframework\boot\spring-boot-starter-logging\3.1.1\spring-boot-starter-logging-3.1.1.jar;C:\Users\alan.costa\.m2\repository\ch\qos\logback\logback-classic\1.4.8\logback-classic-1.4.8.jar;C:\Users\alan.costa\.m2\repository\ch\qos\logback\logback-core\1.4.8\logback-core-1.4.8.jar;C:\Users\alan.costa\.m2\repository\org\apache\logging\log4j\log4j-to-slf4j\2.20.0\log4j-to-slf4j-2.20.0.jar;C:\Users\alan.costa\.m2\repository\org\apache\logging\log4j\log4j-api\2.20.0\log4j-api-2.20.0.jar;C:\Users\alan.costa\.m2\repository\org\slf4j\jul-to-slf4j\2.0.7\jul-to-slf4j-2.0.7.jar;C:\Users\alan.costa\.m2\repository\org\yaml\snakeyaml\1.33\snakeyaml-1.33.jar;C:\Users\alan.costa\.m2\repository\org\apache\tomcat\embed\tomcat-embed-el\10.1.10\tomcat-embed-el-10.1.10.jar;C:\Users\alan.costa\.m2\repository\org\hibernate\validator\hibernate-validator\8.0.0.Final\hibernate-validator-8.0.0.Final.jar;C:\Users\alan.costa\.m2\repository\jakarta\validation\jakarta.validation-api\3.0.2\jakarta.validation-api-3.0.2.jar;C:\Users\alan.costa\.m2\repository\org\springframework\boot\spring-boot-starter-web\3.1.1\spring-boot-starter-web-3.1.1.jar;C:\Users\alan.costa\.m2\repository\org\springframework\boot\spring-boot-starter-json\3.1.1\spring-boot-starter-json-3.1.1.jar;C:\Users\alan.costa\.m2\repository\com\fasterxml\jackson\core\jackson-databind\2.15.2\jackson-databind-2.15.2.jar;C:\Users\alan.costa\.m2\repository\com\fasterxml\jackson\core\jackson-annotations\2.15.2\jackson-annotations-2.15.2.jar;C:\Users\alan.costa\.m2\repository\com\fasterxml\jackson\core\jackson-core\2.15.2\jackson-core-2.15.2.jar;C:\Users\alan.costa\.m2\repository\com\fasterxml\jackson\datatype\jackson-datatype-jdk8\2.15.2\jackson-datatype-jdk8-2.15.2.jar;C:\Users\alan.costa\.m2\repository\com\fasterxml\jackson\datatype\jackson-datatype-jsr310\2.15.2\jackson-datatype-jsr310-2.15.2.jar;C:\Users\alan.costa\.m2\repository\com\fasterxml\jackson\module\jackson-module-parameter-names\2.15.2\jackson-module-parameter-names-2.15.2.jar;C:\Users\alan.costa\.m2\repository\org\springframework\boot\spring-boot-starter-tomcat\3.1.1\spring-boot-starter-tomcat-3.1.1.jar;C:\Users\alan.costa\.m2\repository\org\apache\tomcat\embed\tomcat-embed-core\10.1.10\tomcat-embed-core-10.1.10.jar;C:\Users\alan.costa\.m2\repository\org\apache\tomcat\embed\tomcat-embed-websocket\10.1.10\tomcat-embed-websocket-10.1.10.jar;C:\Users\alan.costa\.m2\repository\org\springframework\spring-web\6.0.10\spring-web-6.0.10.jar;C:\Users\alan.costa\.m2\repository\io\micrometer\micrometer-observation\1.11.1\micrometer-observation-1.11.1.jar;C:\Users\alan.costa\.m2\repository\io\micrometer\micrometer-commons\1.11.1\micrometer-commons-1.11.1.jar;C:\Users\alan.costa\.m2\repository\org\springframework\spring-webmvc\6.0.10\spring-webmvc-6.0.10.jar;C:\Users\alan.costa\.m2\repository\org\springframework\spring-expression\6.0.10\spring-expression-6.0.10.jar;C:\Users\alan.costa\.m2\repository\org\apache\httpcomponents\client5\httpclient5\5.2.1\httpclient5-5.2.1.jar;C:\Users\alan.costa\.m2\repository\org\apache\httpcomponents\core5\httpcore5\5.2.2\httpcore5-5.2.2.jar;C:\Users\alan.costa\.m2\repository\org\apache\httpcomponents\core5\httpcore5-h2\5.2.2\httpcore5-h2-5.2.2.jar;C:\Users\alan.costa\.m2\repository\org\slf4j\slf4j-api\2.0.7\slf4j-api-2.0.7.jar;C:\Users\alan.costa\.m2\repository\com\google\code\gson\gson\2.10.1\gson-2.10.1.jar;C:\Users\alan.costa\.m2\repository\org\springframework\boot\spring-boot-devtools\3.1.1\spring-boot-devtools-3.1.1.jar;C:\Users\alan.costa\.m2\repository\org\springframework\boot\spring-boot\3.1.1\spring-boot-3.1.1.jar;C:\Users\alan.costa\.m2\repository\org\springframework\boot\spring-boot-autoconfigure\3.1.1\spring-boot-autoconfigure-3.1.1.jar;C:\Users\alan.costa\.m2\repository\org\springframework\boot\spring-boot-starter-thymeleaf\3.1.1\spring-boot-starter-thymeleaf-3.1.1.jar;C:\Users\alan.costa\.m2\repository\org\thymeleaf\thymeleaf-spring6\3.1.1.RELEASE\thymeleaf-spring6-3.1.1.RELEASE.jar;C:\Users\alan.costa\.m2\repository\org\thymeleaf\thymeleaf\3.1.1.RELEASE\thymeleaf-3.1.1.RELEASE.jar;C:\Users\alan.costa\.m2\repository\org\attoparser\attoparser\2.0.6.RELEASE\attoparser-2.0.6.RELEASE.jar;C:\Users\alan.costa\.m2\repository\org\unbescape\unbescape\1.1.6.RELEASE\unbescape-1.1.6.RELEASE.jar;C:\Users\alan.costa\.m2\repository\org\modelmapper\modelmapper\3.1.0\modelmapper-3.1.0.jar;C:\Users\alan.costa\.m2\repository\org\postgresql\postgresql\42.6.0\postgresql-42.6.0.jar;C:\Users\alan.costa\.m2\repository\org\checkerframework\checker-qual\3.31.0\checker-qual-3.31.0.jar;C:\Users\alan.costa\.m2\repository\org\projectlombok\lombok\1.18.28\lombok-1.18.28.jar;C:\Users\alan.costa\.m2\repository\org\springframework\boot\spring-boot-starter-security\3.1.1\spring-boot-starter-security-3.1.1.jar;C:\Users\alan.costa\.m2\repository\org\springframework\spring-aop\6.0.10\spring-aop-6.0.10.jar;C:\Users\alan.costa\.m2\repository\org\springframework\security\spring-security-config\6.1.1\spring-security-config-6.1.1.jar;C:\Users\alan.costa\.m2\repository\org\springframework\security\spring-security-core\6.1.1\spring-security-core-6.1.1.jar;C:\Users\alan.costa\.m2\repository\org\springframework\security\spring-security-crypto\6.1.1\spring-security-crypto-6.1.1.jar;C:\Users\alan.costa\.m2\repository\org\springframework\security\spring-security-web\6.1.1\spring-security-web-6.1.1.jar;C:\Users\alan.costa\.m2\repository\jakarta\xml\bind\jakarta.xml.bind-api\4.0.0\jakarta.xml.bind-api-4.0.0.jar;C:\Users\alan.costa\.m2\repository\jakarta\activation\jakarta.activation-api\2.1.2\jakarta.activation-api-2.1.2.jar;C:\Users\alan.costa\.m2\repository\org\springframework\spring-core\6.0.10\spring-core-6.0.10.jar;C:\Users\alan.costa\.m2\repository\org\springframework\spring-jcl\6.0.10\spring-jcl-6.0.10.jar
Launcher Type: SUN_STANDARD

[Global flags]
     intx CICompilerCount                          = 3                                         {product} {ergonomic}
     uint ConcGCThreads                            = 1                                         {product} {ergonomic}
     uint G1ConcRefinementThreads                  = 4                                         {product} {ergonomic}
   size_t G1HeapRegionSize                         = 2097152                                   {product} {ergonomic}
    uintx GCDrainStackTargetSize                   = 64                                        {product} {ergonomic}
   size_t InitialHeapSize                          = 268435456                                 {product} {ergonomic}
   size_t MarkStackSize                            = 4194304                                   {product} {ergonomic}
   size_t MaxHeapSize                              = 4267704320                                {product} {ergonomic}
   size_t MaxNewSize                               = 2560622592                                {product} {ergonomic}
   size_t MinHeapDeltaBytes                        = 2097152                                   {product} {ergonomic}
   size_t MinHeapSize                              = 8388608                                   {product} {ergonomic}
    uintx NonNMethodCodeHeapSize                   = 5832780                                {pd product} {ergonomic}
    uintx NonProfiledCodeHeapSize                  = 122912730                              {pd product} {ergonomic}
    uintx ProfiledCodeHeapSize                     = 122912730                              {pd product} {ergonomic}
    uintx ReservedCodeCacheSize                    = 251658240                              {pd product} {ergonomic}
     bool SegmentedCodeCache                       = true                                      {product} {ergonomic}
     bool ShowCodeDetailsInExceptionMessages       = true                                   {manageable} {command line}
   size_t SoftMaxHeapSize                          = 4267704320                             {manageable} {ergonomic}
     bool UseCompressedClassPointers               = true                           {product lp64_product} {ergonomic}
     bool UseCompressedOops                        = true                           {product lp64_product} {ergonomic}
     bool UseG1GC                                  = true                                      {product} {ergonomic}
     bool UseLargePagesIndividualAllocation        = false                                  {pd product} {ergonomic}

Logging:
Log output configuration:
 #0: stdout all=warning uptime,level,tags foldmultilines=false
 #1: stderr all=off uptime,level,tags foldmultilines=false

Environment Variables:
JAVA_HOME=C:\Program Files\Java\jdk-20.0.1
PATH=C:/Users/alan.costa/.p2/pool/plugins/org.eclipse.justj.openjdk.hotspot.jre.full.win32.x86_64_17.0.6.v20230204-1729/jre/bin/server;C:/Users/alan.costa/.p2/pool/plugins/org.eclipse.justj.openjdk.hotspot.jre.full.win32.x86_64_17.0.6.v20230204-1729/jre/bin;C:\Program Files (x86)\Common Files\Oracle\Java\javapath;C:\Program Files\Java\jdk-20.0.1\bin;C:\Python311\Scripts\;C:\Python311\;C:\Program Files\Eclipse Adoptium\jdk-11.0.19.7-hotspot\bin;C:\Program Files\Java\jdk1.8.0_361\bin;C:\Program Files\nodejs\;C:\Windows\system32;C:\Windows;C:\Windows\System32\Wbem;C:\Windows\System32\WindowsPowerShell\v1.0\;C:\Windows\System32\OpenSSH\;C:\Program Files\dotnet\;C:\Program Files (x86)\Intel\Intel(R) Management Engine Components\DAL;C:\Program Files\Intel\Intel(R) Management Engine Components\DAL;C:\Program Files (x86)\NVIDIA Corporation\PhysX\Common;C:\Program Files\NVIDIA Corporation\NVIDIA NvDLISR;C:\Program Files (x86)\Microsoft SQL Server\160\DTS\Binn\;C:\Program Files\Azure Data Studio\bin;C:\WINDOWS\system32;C:\WINDOWS;C:\WINDOWS\System32\Wbem;C:\WINDOWS\System32\WindowsPowerShell\v1.0\;C:\WINDOWS\System32\OpenSSH\;C:\ProgramData\chocolatey\bin;C:\Users\alan.costa\AppData\Local\Microsoft\WindowsApps;C:\Users\alan.costa\AppData\Local\GitHubDesktop\bin;C:\Program Files\PostgreSQL\15\bin;;C:\Users\alan.costa\AppData\Local\Programs\Microsoft VS Code\bin;C:\Users\alan.costa\AppData\Roaming\npm;C:\Users\alan.costa\Desktop;
USERNAME=alan.costa
OS=Windows_NT
PROCESSOR_IDENTIFIER=Intel64 Family 6 Model 78 Stepping 3, GenuineIntel
TMP=C:\Users\ALAN~1.COS\AppData\Local\Temp
TEMP=C:\Users\ALAN~1.COS\AppData\Local\Temp




---------------  S Y S T E M  ---------------

OS:
 Windows 11 , 64 bit Build 22621 (10.0.22621.1928)
OS uptime: 5 days 6:49 hours
Hyper-V role detected

CPU: total 4 (initial active 4) (2 cores per cpu, 2 threads per core) family 6 model 78 stepping 3 microcode 0xdc, cx8, cmov, fxsr, ht, mmx, 3dnowpref, sse, sse2, sse3, ssse3, sse4.1, sse4.2, popcnt, lzcnt, tsc, tscinvbit, avx, avx2, aes, erms, clmul, bmi1, bmi2, adx, fma, vzeroupper, clflush, clflushopt, hv, rdtscp, f16c

Memory: 4k page, system-wide physical 16275M (5405M free)
TotalPageFile size 18707M (AvailPageFile size 4614M)
current process WorkingSet (physical memory assigned to process): 338M, peak: 374M
current process commit charge ("private bytes"): 394M, peak: 450M

vm_info: OpenJDK 64-Bit Server VM (20.0.1+9-29) for windows-amd64 JRE (20.0.1+9-29), built on 2023-03-07T13:56:11Z by "mach5one" with MS VC++ 17.1 (VS2022)

END.
